2018-09-25 11:28:11,065 INFO  [org.jboss.as.server] (Thread-2) WFLYSRV0220: Server shutdown has been requested.
2018-09-25 11:28:11,210 INFO  [org.jboss.as.connector.subsystems.datasources] (MSC service thread 1-7) WFLYJCA0010: Unbound data source [java:jboss/datasources/KeycloakDS]
2018-09-25 11:28:11,233 INFO  [org.wildfly.extension.undertow] (ServerService Thread Pool -- 65) WFLYUT0022: Unregistered web context: /auth
2018-09-25 11:28:11,333 INFO  [org.wildfly.extension.undertow] (MSC service thread 1-6) WFLYUT0019: Host default-host stopping
2018-09-25 11:28:11,339 INFO  [org.jboss.as.connector.subsystems.datasources] (MSC service thread 1-3) WFLYJCA0010: Unbound data source [java:jboss/datasources/ExampleDS]
2018-09-25 11:28:11,346 INFO  [org.jboss.as.connector.deployers.jdbc] (MSC service thread 1-3) WFLYJCA0019: Stopped Driver service with driver-name = h2
2018-09-25 11:28:11,360 INFO  [org.wildfly.extension.undertow] (MSC service thread 1-5) WFLYUT0008: Undertow HTTP listener default suspending
2018-09-25 11:28:11,363 INFO  [org.wildfly.extension.undertow] (MSC service thread 1-5) WFLYUT0007: Undertow HTTP listener default stopped, was bound to /127.0.0.1:8080
2018-09-25 11:28:11,370 INFO  [org.wildfly.extension.undertow] (MSC service thread 1-2) WFLYUT0004: Undertow 1.2.9.Final stopping
2018-09-25 11:28:11,429 INFO  [org.jboss.as.clustering.infinispan] (ServerService Thread Pool -- 65) WFLYCLINF0003: Stopped realms cache from keycloak container
2018-09-25 11:28:11,429 INFO  [org.jboss.as.clustering.infinispan] (ServerService Thread Pool -- 66) WFLYCLINF0003: Stopped users cache from keycloak container
2018-09-25 11:28:11,429 INFO  [org.jboss.as.clustering.infinispan] (ServerService Thread Pool -- 68) WFLYCLINF0003: Stopped sessions cache from keycloak container
2018-09-25 11:28:11,429 INFO  [org.jboss.as.clustering.infinispan] (ServerService Thread Pool -- 67) WFLYCLINF0003: Stopped loginFailures cache from keycloak container
2018-09-25 11:28:11,450 INFO  [org.jboss.as.clustering.infinispan] (MSC service thread 1-1) WFLYCLINF0003: Stopped offlineSessions cache from keycloak container
2018-09-25 11:28:11,457 INFO  [org.jboss.as.server.deployment] (MSC service thread 1-4) WFLYSRV0028: Stopped deployment keycloak-server.war (runtime-name: keycloak-server.war) in 304ms
2018-09-25 11:28:11,484 INFO  [org.jboss.as] (MSC service thread 1-8) WFLYSRV0050: Keycloak 1.6.0.Final (WildFly Core 1.0.1.Final) stopped in 258ms
2018-09-25 11:28:13,001 INFO  [org.jboss.modules] (main) JBoss Modules version 1.4.3.Final
2018-09-25 11:28:13,248 INFO  [org.jboss.msc] (main) JBoss MSC version 1.2.6.Final
2018-09-25 11:28:13,320 INFO  [org.jboss.as] (MSC service thread 1-6) WFLYSRV0049: Keycloak 1.6.0.Final (WildFly Core 1.0.1.Final) starting
2018-09-25 11:28:13,321 DEBUG [org.jboss.as.config] (MSC service thread 1-6) Configured system properties:
	[Standalone] = 
	awt.toolkit = sun.awt.X11.XToolkit
	file.encoding = UTF-8
	file.encoding.pkg = sun.io
	file.separator = /
	java.awt.graphicsenv = sun.awt.X11GraphicsEnvironment
	java.awt.headless = true
	java.awt.printerjob = sun.print.PSPrinterJob
	java.class.path = /opt/lampp/htdocs/keycloak/jboss-modules.jar
	java.class.version = 52.0
	java.endorsed.dirs = /usr/lib/jvm/java-8-openjdk-amd64/jre/lib/endorsed
	java.ext.dirs = /usr/lib/jvm/java-8-openjdk-amd64/jre/lib/ext:/usr/java/packages/lib/ext
	java.home = /usr/lib/jvm/java-8-openjdk-amd64/jre
	java.io.tmpdir = /tmp
	java.library.path = /usr/java/packages/lib/amd64:/usr/lib/x86_64-linux-gnu/jni:/lib/x86_64-linux-gnu:/usr/lib/x86_64-linux-gnu:/usr/lib/jni:/lib:/usr/lib
	java.net.preferIPv4Stack = true
	java.runtime.name = OpenJDK Runtime Environment
	java.runtime.version = 1.8.0_181-8u181-b13-0ubuntu0.16.04.1-b13
	java.specification.name = Java Platform API Specification
	java.specification.vendor = Oracle Corporation
	java.specification.version = 1.8
	java.util.logging.manager = org.jboss.logmanager.LogManager
	java.vendor = Oracle Corporation
	java.vendor.url = http://java.oracle.com/
	java.vendor.url.bug = http://bugreport.sun.com/bugreport/
	java.version = 1.8.0_181
	java.vm.info = mixed mode
	java.vm.name = OpenJDK 64-Bit Server VM
	java.vm.specification.name = Java Virtual Machine Specification
	java.vm.specification.vendor = Oracle Corporation
	java.vm.specification.version = 1.8
	java.vm.vendor = Oracle Corporation
	java.vm.version = 25.181-b13
	javax.management.builder.initial = org.jboss.as.jmx.PluggableMBeanServerBuilder
	javax.xml.datatype.DatatypeFactory = __redirected.__DatatypeFactory
	javax.xml.parsers.DocumentBuilderFactory = __redirected.__DocumentBuilderFactory
	javax.xml.parsers.SAXParserFactory = __redirected.__SAXParserFactory
	javax.xml.stream.XMLEventFactory = __redirected.__XMLEventFactory
	javax.xml.stream.XMLInputFactory = __redirected.__XMLInputFactory
	javax.xml.stream.XMLOutputFactory = __redirected.__XMLOutputFactory
	javax.xml.transform.TransformerFactory = __redirected.__TransformerFactory
	javax.xml.validation.SchemaFactory:http://www.w3.org/2001/XMLSchema = __redirected.__SchemaFactory
	javax.xml.xpath.XPathFactory:http://java.sun.com/jaxp/xpath/dom = __redirected.__XPathFactory
	jboss.home.dir = /opt/lampp/htdocs/keycloak
	jboss.host.name = netops-latitude-e6540
	jboss.modules.dir = /opt/lampp/htdocs/keycloak/modules
	jboss.modules.system.pkgs = org.jboss.byteman
	jboss.node.name = netops-latitude-e6540
	jboss.qualified.host.name = netops-latitude-e6540
	jboss.server.base.dir = /opt/lampp/htdocs/keycloak/standalone
	jboss.server.config.dir = /opt/lampp/htdocs/keycloak/standalone/configuration
	jboss.server.data.dir = /opt/lampp/htdocs/keycloak/standalone/data
	jboss.server.deploy.dir = /opt/lampp/htdocs/keycloak/standalone/data/content
	jboss.server.log.dir = /opt/lampp/htdocs/keycloak/standalone/log
	jboss.server.name = netops-latitude-e6540
	jboss.server.persist.config = true
	jboss.server.temp.dir = /opt/lampp/htdocs/keycloak/standalone/tmp
	line.separator = 

	logging.configuration = file:/opt/lampp/htdocs/keycloak/standalone/configuration/logging.properties
	module.path = /opt/lampp/htdocs/keycloak/modules
	org.jboss.boot.log.file = /opt/lampp/htdocs/keycloak/standalone/log/server.log
	org.jboss.resolver.warning = true
	org.xml.sax.driver = __redirected.__XMLReaderFactory
	os.arch = amd64
	os.name = Linux
	os.version = 4.4.0-134-generic
	path.separator = :
	sun.arch.data.model = 64
	sun.boot.class.path = /usr/lib/jvm/java-8-openjdk-amd64/jre/lib/resources.jar:/usr/lib/jvm/java-8-openjdk-amd64/jre/lib/rt.jar:/usr/lib/jvm/java-8-openjdk-amd64/jre/lib/sunrsasign.jar:/usr/lib/jvm/java-8-openjdk-amd64/jre/lib/jsse.jar:/usr/lib/jvm/java-8-openjdk-amd64/jre/lib/jce.jar:/usr/lib/jvm/java-8-openjdk-amd64/jre/lib/charsets.jar:/usr/lib/jvm/java-8-openjdk-amd64/jre/lib/jfr.jar:/usr/lib/jvm/java-8-openjdk-amd64/jre/classes
	sun.boot.library.path = /usr/lib/jvm/java-8-openjdk-amd64/jre/lib/amd64
	sun.cpu.endian = little
	sun.cpu.isalist = 
	sun.desktop = gnome
	sun.io.unicode.encoding = UnicodeLittle
	sun.java.command = /opt/lampp/htdocs/keycloak/jboss-modules.jar -mp /opt/lampp/htdocs/keycloak/modules org.jboss.as.standalone -Djboss.home.dir=/opt/lampp/htdocs/keycloak -Djboss.server.base.dir=/opt/lampp/htdocs/keycloak/standalone
	sun.java.launcher = SUN_STANDARD
	sun.jnu.encoding = UTF-8
	sun.management.compiler = HotSpot 64-Bit Tiered Compilers
	sun.os.patch.level = unknown
	user.country = IN
	user.dir = /opt/lampp/htdocs/keycloak/bin
	user.home = /home/aprajita
	user.language = en
	user.name = aprajita
	user.timezone = Asia/Kolkata
2018-09-25 11:28:13,322 DEBUG [org.jboss.as.config] (MSC service thread 1-6) VM Arguments: -D[Standalone] -XX:+UseCompressedOops -XX:+UseCompressedOops -Xms64m -Xmx512m -XX:MaxPermSize=256m -Djava.net.preferIPv4Stack=true -Djboss.modules.system.pkgs=org.jboss.byteman -Djava.awt.headless=true -Dorg.jboss.boot.log.file=/opt/lampp/htdocs/keycloak/standalone/log/server.log -Dlogging.configuration=file:/opt/lampp/htdocs/keycloak/standalone/configuration/logging.properties 
2018-09-25 11:28:14,455 INFO  [org.jboss.as.controller.management-deprecated] (ServerService Thread Pool -- 20) WFLYCTL0028: Attribute 'job-repository-type' in the resource at address '/subsystem=batch' is deprecated, and may be removed in future version. See the attribute description in the output of the read-resource-description operation to learn more about the deprecation.
2018-09-25 11:28:14,459 INFO  [org.jboss.as.controller.management-deprecated] (ServerService Thread Pool -- 2) WFLYCTL0028: Attribute 'enabled' in the resource at address '/subsystem=datasources/data-source=ExampleDS' is deprecated, and may be removed in future version. See the attribute description in the output of the read-resource-description operation to learn more about the deprecation.
2018-09-25 11:28:14,461 INFO  [org.jboss.as.controller.management-deprecated] (ServerService Thread Pool -- 2) WFLYCTL0028: Attribute 'enabled' in the resource at address '/subsystem=datasources/data-source=KeycloakDS' is deprecated, and may be removed in future version. See the attribute description in the output of the read-resource-description operation to learn more about the deprecation.
2018-09-25 11:28:14,512 INFO  [org.jboss.as.server] (Controller Boot Thread) WFLYSRV0039: Creating http management service using socket-binding (management-http)
2018-09-25 11:28:14,536 INFO  [org.xnio] (MSC service thread 1-7) XNIO version 3.3.1.Final
2018-09-25 11:28:14,546 INFO  [org.xnio.nio] (MSC service thread 1-7) XNIO NIO Implementation Version 3.3.1.Final
2018-09-25 11:28:14,605 INFO  [org.jboss.as.clustering.infinispan] (ServerService Thread Pool -- 37) WFLYCLINF0001: Activating Infinispan subsystem.
2018-09-25 11:28:14,611 INFO  [org.wildfly.extension.io] (ServerService Thread Pool -- 36) WFLYIO001: Worker 'default' has auto-configured to 8 core threads with 64 task threads based on your 4 available processors
2018-09-25 11:28:14,654 INFO  [org.jboss.as.jsf] (ServerService Thread Pool -- 43) WFLYJSF0007: Activated the following JSF Implementations: [main]
2018-09-25 11:28:14,658 INFO  [org.jboss.as.naming] (ServerService Thread Pool -- 45) WFLYNAM0001: Activating Naming Subsystem
2018-09-25 11:28:14,670 WARN  [org.jboss.as.txn] (ServerService Thread Pool -- 53) WFLYTX0013: Node identifier property is set to the default value. Please make sure it is unique.
2018-09-25 11:28:14,679 INFO  [org.jboss.as.security] (ServerService Thread Pool -- 52) WFLYSEC0002: Activating Security Subsystem
2018-09-25 11:28:14,726 INFO  [org.jboss.as.connector] (MSC service thread 1-8) WFLYJCA0009: Starting JCA Subsystem (IronJacamar 1.2.4.Final)
2018-09-25 11:28:14,727 INFO  [org.jboss.as.connector.subsystems.datasources] (ServerService Thread Pool -- 33) WFLYJCA0004: Deploying JDBC-compliant driver class org.h2.Driver (version 1.3)
2018-09-25 11:28:14,745 INFO  [org.jboss.as.webservices] (ServerService Thread Pool -- 55) WFLYWS0002: Activating WebServices Extension
2018-09-25 11:28:14,756 INFO  [org.jboss.as.security] (MSC service thread 1-3) WFLYSEC0001: Current PicketBox version=4.9.2.Final
2018-09-25 11:28:14,798 INFO  [org.jboss.as.connector.deployers.jdbc] (MSC service thread 1-6) WFLYJCA0018: Started Driver service with driver-name = h2
2018-09-25 11:28:14,805 INFO  [org.jboss.remoting] (MSC service thread 1-7) JBoss Remoting version 4.0.9.Final
2018-09-25 11:28:14,825 INFO  [org.jboss.as.naming] (MSC service thread 1-1) WFLYNAM0003: Starting Naming Service
2018-09-25 11:28:14,825 INFO  [org.jboss.as.mail.extension] (MSC service thread 1-2) WFLYMAIL0001: Bound mail session [java:jboss/mail/Default]
2018-09-25 11:28:14,863 INFO  [org.wildfly.extension.undertow] (MSC service thread 1-6) WFLYUT0003: Undertow 1.2.9.Final starting
2018-09-25 11:28:14,867 INFO  [org.wildfly.extension.undertow] (ServerService Thread Pool -- 54) WFLYUT0003: Undertow 1.2.9.Final starting
2018-09-25 11:28:15,208 INFO  [org.wildfly.extension.undertow] (ServerService Thread Pool -- 54) WFLYUT0014: Creating file handler for path /opt/lampp/htdocs/keycloak/welcome-content
2018-09-25 11:28:15,228 INFO  [org.wildfly.extension.undertow] (MSC service thread 1-3) WFLYUT0012: Started server default-server.
2018-09-25 11:28:15,268 INFO  [org.wildfly.extension.undertow] (MSC service thread 1-5) WFLYUT0018: Host default-host starting
2018-09-25 11:28:15,417 INFO  [org.wildfly.extension.undertow] (MSC service thread 1-1) WFLYUT0006: Undertow HTTP listener default listening on /127.0.0.1:8080
2018-09-25 11:28:15,496 INFO  [org.jboss.as.connector.subsystems.datasources] (MSC service thread 1-1) WFLYJCA0001: Bound data source [java:jboss/datasources/KeycloakDS]
2018-09-25 11:28:15,496 INFO  [org.jboss.as.connector.subsystems.datasources] (MSC service thread 1-4) WFLYJCA0001: Bound data source [java:jboss/datasources/ExampleDS]
2018-09-25 11:28:15,660 INFO  [org.jboss.as.server.deployment] (MSC service thread 1-4) WFLYSRV0027: Starting deployment of "keycloak-server.war" (runtime-name: "keycloak-server.war")
2018-09-25 11:28:15,784 INFO  [org.jboss.ws.common.management] (MSC service thread 1-8) JBWS022052: Starting JBoss Web Services - Stack CXF Server 5.0.0.Final
2018-09-25 11:28:16,238 INFO  [org.infinispan.factories.GlobalComponentRegistry] (ServerService Thread Pool -- 58) ISPN000128: Infinispan version: Infinispan 'Insanely Bad Elf' 7.2.3.Final
2018-09-25 11:28:16,556 INFO  [org.jboss.as.clustering.infinispan] (ServerService Thread Pool -- 58) WFLYCLINF0002: Started loginFailures cache from keycloak container
2018-09-25 11:28:16,556 INFO  [org.jboss.as.clustering.infinispan] (ServerService Thread Pool -- 59) WFLYCLINF0002: Started realms cache from keycloak container
2018-09-25 11:28:16,556 INFO  [org.jboss.as.clustering.infinispan] (ServerService Thread Pool -- 61) WFLYCLINF0002: Started sessions cache from keycloak container
2018-09-25 11:28:16,557 INFO  [org.jboss.as.clustering.infinispan] (ServerService Thread Pool -- 60) WFLYCLINF0002: Started users cache from keycloak container
2018-09-25 11:28:17,605 INFO  [org.keycloak.services.resources.KeycloakApplication] (ServerService Thread Pool -- 62) Load config from /opt/lampp/htdocs/keycloak/standalone/configuration/keycloak-server.json
2018-09-25 11:28:17,992 WARN  [org.keycloak.connections.infinispan.DefaultInfinispanConnectionProviderFactory] (ServerService Thread Pool -- 62) No configuration provided for 'offlineSessions' cache. Using 'sessions' configuration as template
2018-09-25 11:28:17,999 INFO  [org.jboss.as.clustering.infinispan] (ServerService Thread Pool -- 62) WFLYCLINF0002: Started offlineSessions cache from keycloak container
2018-09-25 11:28:18,485 INFO  [org.hibernate.jpa.internal.util.LogHelper] (ServerService Thread Pool -- 62) HHH000204: Processing PersistenceUnitInfo [
	name: keycloak-default
	...]
2018-09-25 11:28:18,566 INFO  [org.hibernate.Version] (ServerService Thread Pool -- 62) HHH000412: Hibernate Core {4.3.10.Final}
2018-09-25 11:28:18,569 INFO  [org.hibernate.cfg.Environment] (ServerService Thread Pool -- 62) HHH000206: hibernate.properties not found
2018-09-25 11:28:18,572 INFO  [org.hibernate.cfg.Environment] (ServerService Thread Pool -- 62) HHH000021: Bytecode provider name : javassist
2018-09-25 11:28:18,712 INFO  [org.hibernate.annotations.common.Version] (ServerService Thread Pool -- 62) HCANN000001: Hibernate Commons Annotations {4.0.5.Final}
2018-09-25 11:28:18,773 INFO  [org.hibernate.dialect.Dialect] (ServerService Thread Pool -- 62) HHH000400: Using dialect: org.hibernate.dialect.H2Dialect
2018-09-25 11:28:18,779 WARN  [org.hibernate.dialect.H2Dialect] (ServerService Thread Pool -- 62) HHH000431: Unable to determine H2 database version, certain features may not work
2018-09-25 11:28:19,036 INFO  [org.hibernate.hql.internal.ast.ASTQueryTranslatorFactory] (ServerService Thread Pool -- 62) HHH000397: Using ASTQueryTranslatorFactory
2018-09-25 11:28:19,084 INFO  [org.hibernate.validator.internal.util.Version] (ServerService Thread Pool -- 62) HV000001: Hibernate Validator 5.1.3.Final
2018-09-25 11:28:20,861 INFO  [org.jboss.resteasy.spi.ResteasyDeployment] (ServerService Thread Pool -- 62) Deploying javax.ws.rs.core.Application: class org.keycloak.services.resources.KeycloakApplication
2018-09-25 11:28:20,864 INFO  [org.jboss.resteasy.spi.ResteasyDeployment] (ServerService Thread Pool -- 62) Adding class resource org.keycloak.services.resources.QRCodeResource from Application class org.keycloak.services.resources.KeycloakApplication
2018-09-25 11:28:20,865 INFO  [org.jboss.resteasy.spi.ResteasyDeployment] (ServerService Thread Pool -- 62) Adding class resource org.keycloak.services.resources.ThemeResource from Application class org.keycloak.services.resources.KeycloakApplication
2018-09-25 11:28:20,865 INFO  [org.jboss.resteasy.spi.ResteasyDeployment] (ServerService Thread Pool -- 62) Adding class resource org.keycloak.services.resources.JsResource from Application class org.keycloak.services.resources.KeycloakApplication
2018-09-25 11:28:20,865 INFO  [org.jboss.resteasy.spi.ResteasyDeployment] (ServerService Thread Pool -- 62) Adding class resource org.keycloak.services.resources.WelcomeResource from Application class org.keycloak.services.resources.KeycloakApplication
2018-09-25 11:28:20,865 INFO  [org.jboss.resteasy.spi.ResteasyDeployment] (ServerService Thread Pool -- 62) Adding singleton resource org.keycloak.services.resources.ServerVersionResource from Application class org.keycloak.services.resources.KeycloakApplication
2018-09-25 11:28:20,866 INFO  [org.jboss.resteasy.spi.ResteasyDeployment] (ServerService Thread Pool -- 62) Adding singleton resource org.keycloak.services.resources.admin.AdminRoot from Application class org.keycloak.services.resources.KeycloakApplication
2018-09-25 11:28:20,866 INFO  [org.jboss.resteasy.spi.ResteasyDeployment] (ServerService Thread Pool -- 62) Adding provider singleton org.keycloak.services.util.ObjectMapperResolver from Application class org.keycloak.services.resources.KeycloakApplication
2018-09-25 11:28:20,866 INFO  [org.jboss.resteasy.spi.ResteasyDeployment] (ServerService Thread Pool -- 62) Adding provider singleton org.keycloak.services.resources.ModelExceptionMapper from Application class org.keycloak.services.resources.KeycloakApplication
2018-09-25 11:28:20,867 INFO  [org.jboss.resteasy.spi.ResteasyDeployment] (ServerService Thread Pool -- 62) Adding singleton resource org.keycloak.services.resources.RealmsResource from Application class org.keycloak.services.resources.KeycloakApplication
2018-09-25 11:28:20,959 INFO  [org.wildfly.extension.undertow] (ServerService Thread Pool -- 62) WFLYUT0021: Registered web context: /auth
2018-09-25 11:28:21,027 INFO  [org.jboss.as.server] (ServerService Thread Pool -- 57) WFLYSRV0010: Deployed "keycloak-server.war" (runtime-name : "keycloak-server.war")
2018-09-25 11:28:21,168 INFO  [org.jboss.as] (Controller Boot Thread) WFLYSRV0060: Http management interface listening on http://127.0.0.1:9990/management
2018-09-25 11:28:21,169 INFO  [org.jboss.as] (Controller Boot Thread) WFLYSRV0051: Admin console listening on http://127.0.0.1:9990
2018-09-25 11:28:21,169 INFO  [org.jboss.as] (Controller Boot Thread) WFLYSRV0025: Keycloak 1.6.0.Final (WildFly Core 1.0.1.Final) started in 8538ms - Started 308 of 527 services (274 services are lazy, passive or on-demand)
2018-09-25 11:33:06,605 WARN  [org.jboss.resteasy.core.ExceptionHandler] (default task-17) Failed executing GET /admin/serverinfo: org.keycloak.services.ForbiddenException
	at org.keycloak.services.resources.admin.AdminRoot.getServerInfo(AdminRoot.java:211)
	at sun.reflect.NativeMethodAccessorImpl.invoke0(Native Method)
	at sun.reflect.NativeMethodAccessorImpl.invoke(NativeMethodAccessorImpl.java:62)
	at sun.reflect.DelegatingMethodAccessorImpl.invoke(DelegatingMethodAccessorImpl.java:43)
	at java.lang.reflect.Method.invoke(Method.java:498)
	at org.jboss.resteasy.core.ResourceLocatorInvoker.createResource(ResourceLocatorInvoker.java:81)
	at org.jboss.resteasy.core.ResourceLocatorInvoker.createResource(ResourceLocatorInvoker.java:60)
	at org.jboss.resteasy.core.ResourceLocatorInvoker.invoke(ResourceLocatorInvoker.java:102)
	at org.jboss.resteasy.core.SynchronousDispatcher.invoke(SynchronousDispatcher.java:356)
	at org.jboss.resteasy.core.SynchronousDispatcher.invoke(SynchronousDispatcher.java:179)
	at org.jboss.resteasy.plugins.server.servlet.ServletContainerDispatcher.service(ServletContainerDispatcher.java:220)
	at org.jboss.resteasy.plugins.server.servlet.HttpServletDispatcher.service(HttpServletDispatcher.java:56)
	at org.jboss.resteasy.plugins.server.servlet.HttpServletDispatcher.service(HttpServletDispatcher.java:51)
	at javax.servlet.http.HttpServlet.service(HttpServlet.java:790)
	at io.undertow.servlet.handlers.ServletHandler.handleRequest(ServletHandler.java:86)
	at io.undertow.servlet.handlers.FilterHandler$FilterChainImpl.doFilter(FilterHandler.java:130)
	at org.keycloak.services.filters.KeycloakSessionServletFilter.doFilter(KeycloakSessionServletFilter.java:61)
	at io.undertow.servlet.core.ManagedFilter.doFilter(ManagedFilter.java:60)
	at io.undertow.servlet.handlers.FilterHandler$FilterChainImpl.doFilter(FilterHandler.java:132)
	at io.undertow.servlet.handlers.FilterHandler.handleRequest(FilterHandler.java:85)
	at io.undertow.servlet.handlers.security.ServletSecurityRoleHandler.handleRequest(ServletSecurityRoleHandler.java:62)
	at io.undertow.servlet.handlers.ServletDispatchingHandler.handleRequest(ServletDispatchingHandler.java:36)
	at org.wildfly.extension.undertow.security.SecurityContextAssociationHandler.handleRequest(SecurityContextAssociationHandler.java:78)
	at io.undertow.server.handlers.PredicateHandler.handleRequest(PredicateHandler.java:43)
	at io.undertow.servlet.handlers.security.SSLInformationAssociationHandler.handleRequest(SSLInformationAssociationHandler.java:131)
	at io.undertow.servlet.handlers.security.ServletAuthenticationCallHandler.handleRequest(ServletAuthenticationCallHandler.java:57)
	at io.undertow.server.handlers.PredicateHandler.handleRequest(PredicateHandler.java:43)
	at io.undertow.security.handlers.AbstractConfidentialityHandler.handleRequest(AbstractConfidentialityHandler.java:46)
	at io.undertow.servlet.handlers.security.ServletConfidentialityConstraintHandler.handleRequest(ServletConfidentialityConstraintHandler.java:64)
	at io.undertow.security.handlers.AuthenticationMechanismsHandler.handleRequest(AuthenticationMechanismsHandler.java:58)
	at io.undertow.servlet.handlers.security.CachedAuthenticatedSessionHandler.handleRequest(CachedAuthenticatedSessionHandler.java:72)
	at io.undertow.security.handlers.NotificationReceiverHandler.handleRequest(NotificationReceiverHandler.java:50)
	at io.undertow.security.handlers.SecurityInitialHandler.handleRequest(SecurityInitialHandler.java:76)
	at io.undertow.server.handlers.PredicateHandler.handleRequest(PredicateHandler.java:43)
	at org.wildfly.extension.undertow.security.jacc.JACCContextIdHandler.handleRequest(JACCContextIdHandler.java:61)
	at io.undertow.server.handlers.PredicateHandler.handleRequest(PredicateHandler.java:43)
	at io.undertow.server.handlers.PredicateHandler.handleRequest(PredicateHandler.java:43)
	at io.undertow.servlet.handlers.ServletInitialHandler.handleFirstRequest(ServletInitialHandler.java:282)
	at io.undertow.servlet.handlers.ServletInitialHandler.dispatchRequest(ServletInitialHandler.java:261)
	at io.undertow.servlet.handlers.ServletInitialHandler.access$000(ServletInitialHandler.java:80)
	at io.undertow.servlet.handlers.ServletInitialHandler$1.handleRequest(ServletInitialHandler.java:172)
	at io.undertow.server.Connectors.executeRootHandler(Connectors.java:199)
	at io.undertow.server.HttpServerExchange$1.run(HttpServerExchange.java:774)
	at java.util.concurrent.ThreadPoolExecutor.runWorker(ThreadPoolExecutor.java:1149)
	at java.util.concurrent.ThreadPoolExecutor$Worker.run(ThreadPoolExecutor.java:624)
	at java.lang.Thread.run(Thread.java:748)

2018-09-25 11:33:27,088 WARN  [org.jboss.resteasy.core.ExceptionHandler] (default task-44) Failed executing GET /admin/serverinfo: org.keycloak.services.ForbiddenException
	at org.keycloak.services.resources.admin.AdminRoot.getServerInfo(AdminRoot.java:211)
	at sun.reflect.NativeMethodAccessorImpl.invoke0(Native Method)
	at sun.reflect.NativeMethodAccessorImpl.invoke(NativeMethodAccessorImpl.java:62)
	at sun.reflect.DelegatingMethodAccessorImpl.invoke(DelegatingMethodAccessorImpl.java:43)
	at java.lang.reflect.Method.invoke(Method.java:498)
	at org.jboss.resteasy.core.ResourceLocatorInvoker.createResource(ResourceLocatorInvoker.java:81)
	at org.jboss.resteasy.core.ResourceLocatorInvoker.createResource(ResourceLocatorInvoker.java:60)
	at org.jboss.resteasy.core.ResourceLocatorInvoker.invoke(ResourceLocatorInvoker.java:102)
	at org.jboss.resteasy.core.SynchronousDispatcher.invoke(SynchronousDispatcher.java:356)
	at org.jboss.resteasy.core.SynchronousDispatcher.invoke(SynchronousDispatcher.java:179)
	at org.jboss.resteasy.plugins.server.servlet.ServletContainerDispatcher.service(ServletContainerDispatcher.java:220)
	at org.jboss.resteasy.plugins.server.servlet.HttpServletDispatcher.service(HttpServletDispatcher.java:56)
	at org.jboss.resteasy.plugins.server.servlet.HttpServletDispatcher.service(HttpServletDispatcher.java:51)
	at javax.servlet.http.HttpServlet.service(HttpServlet.java:790)
	at io.undertow.servlet.handlers.ServletHandler.handleRequest(ServletHandler.java:86)
	at io.undertow.servlet.handlers.FilterHandler$FilterChainImpl.doFilter(FilterHandler.java:130)
	at org.keycloak.services.filters.KeycloakSessionServletFilter.doFilter(KeycloakSessionServletFilter.java:61)
	at io.undertow.servlet.core.ManagedFilter.doFilter(ManagedFilter.java:60)
	at io.undertow.servlet.handlers.FilterHandler$FilterChainImpl.doFilter(FilterHandler.java:132)
	at io.undertow.servlet.handlers.FilterHandler.handleRequest(FilterHandler.java:85)
	at io.undertow.servlet.handlers.security.ServletSecurityRoleHandler.handleRequest(ServletSecurityRoleHandler.java:62)
	at io.undertow.servlet.handlers.ServletDispatchingHandler.handleRequest(ServletDispatchingHandler.java:36)
	at org.wildfly.extension.undertow.security.SecurityContextAssociationHandler.handleRequest(SecurityContextAssociationHandler.java:78)
	at io.undertow.server.handlers.PredicateHandler.handleRequest(PredicateHandler.java:43)
	at io.undertow.servlet.handlers.security.SSLInformationAssociationHandler.handleRequest(SSLInformationAssociationHandler.java:131)
	at io.undertow.servlet.handlers.security.ServletAuthenticationCallHandler.handleRequest(ServletAuthenticationCallHandler.java:57)
	at io.undertow.server.handlers.PredicateHandler.handleRequest(PredicateHandler.java:43)
	at io.undertow.security.handlers.AbstractConfidentialityHandler.handleRequest(AbstractConfidentialityHandler.java:46)
	at io.undertow.servlet.handlers.security.ServletConfidentialityConstraintHandler.handleRequest(ServletConfidentialityConstraintHandler.java:64)
	at io.undertow.security.handlers.AuthenticationMechanismsHandler.handleRequest(AuthenticationMechanismsHandler.java:58)
	at io.undertow.servlet.handlers.security.CachedAuthenticatedSessionHandler.handleRequest(CachedAuthenticatedSessionHandler.java:72)
	at io.undertow.security.handlers.NotificationReceiverHandler.handleRequest(NotificationReceiverHandler.java:50)
	at io.undertow.security.handlers.SecurityInitialHandler.handleRequest(SecurityInitialHandler.java:76)
	at io.undertow.server.handlers.PredicateHandler.handleRequest(PredicateHandler.java:43)
	at org.wildfly.extension.undertow.security.jacc.JACCContextIdHandler.handleRequest(JACCContextIdHandler.java:61)
	at io.undertow.server.handlers.PredicateHandler.handleRequest(PredicateHandler.java:43)
	at io.undertow.server.handlers.PredicateHandler.handleRequest(PredicateHandler.java:43)
	at io.undertow.servlet.handlers.ServletInitialHandler.handleFirstRequest(ServletInitialHandler.java:282)
	at io.undertow.servlet.handlers.ServletInitialHandler.dispatchRequest(ServletInitialHandler.java:261)
	at io.undertow.servlet.handlers.ServletInitialHandler.access$000(ServletInitialHandler.java:80)
	at io.undertow.servlet.handlers.ServletInitialHandler$1.handleRequest(ServletInitialHandler.java:172)
	at io.undertow.server.Connectors.executeRootHandler(Connectors.java:199)
	at io.undertow.server.HttpServerExchange$1.run(HttpServerExchange.java:774)
	at java.util.concurrent.ThreadPoolExecutor.runWorker(ThreadPoolExecutor.java:1149)
	at java.util.concurrent.ThreadPoolExecutor$Worker.run(ThreadPoolExecutor.java:624)
	at java.lang.Thread.run(Thread.java:748)

2018-09-25 11:50:59,170 WARN  [org.keycloak.events] (default task-24) type=LOGIN_ERROR, realmId=master, clientId=security-admin-console, userId=null, ipAddress=127.0.0.1, error=user_not_found, auth_method=openid-connect, auth_type=code, redirect_uri=http://localhost:8080/auth/admin/master/console/, code_id=e33806e5-06ac-4f27-8ff8-a26b09eb3cd3, username=user@jaldhara@jaldhara
2018-09-25 11:51:36,931 WARN  [org.keycloak.events] (default task-39) type=LOGIN_ERROR, realmId=master, clientId=security-admin-console, userId=null, ipAddress=127.0.0.1, error=user_not_found, auth_method=openid-connect, auth_type=code, redirect_uri=http://localhost:8080/auth/admin/master/console/, code_id=80cb1289-802d-4fcf-a96d-c112f1816b47, username=user@jaldhara@jaldhara
2018-09-25 11:51:46,426 WARN  [org.keycloak.events] (default task-40) type=LOGIN_ERROR, realmId=master, clientId=security-admin-console, userId=null, ipAddress=127.0.0.1, error=user_not_found, auth_method=openid-connect, auth_type=code, redirect_uri=http://localhost:8080/auth/admin/master/console/, code_id=80cb1289-802d-4fcf-a96d-c112f1816b47, username=user@jaldhara@jaldhara
2018-09-25 11:53:43,048 INFO  [org.jboss.as.server] (Thread-2) WFLYSRV0220: Server shutdown has been requested.
2018-09-25 11:53:43,059 INFO  [org.jboss.as.connector.subsystems.datasources] (MSC service thread 1-8) WFLYJCA0010: Unbound data source [java:jboss/datasources/KeycloakDS]
2018-09-25 11:53:43,082 INFO  [org.wildfly.extension.undertow] (ServerService Thread Pool -- 69) WFLYUT0022: Unregistered web context: /auth
2018-09-25 11:53:43,125 INFO  [org.wildfly.extension.undertow] (MSC service thread 1-5) WFLYUT0019: Host default-host stopping
2018-09-25 11:53:43,129 INFO  [org.jboss.as.connector.subsystems.datasources] (MSC service thread 1-7) WFLYJCA0010: Unbound data source [java:jboss/datasources/ExampleDS]
2018-09-25 11:53:43,131 INFO  [org.jboss.as.connector.deployers.jdbc] (MSC service thread 1-4) WFLYJCA0019: Stopped Driver service with driver-name = h2
2018-09-25 11:53:43,133 INFO  [org.jboss.as.server.deployment] (MSC service thread 1-5) WFLYSRV0028: Stopped deployment keycloak-server.war (runtime-name: keycloak-server.war) in 68ms
2018-09-25 11:53:43,136 INFO  [org.jboss.as.clustering.infinispan] (ServerService Thread Pool -- 66) WFLYCLINF0003: Stopped users cache from keycloak container
2018-09-25 11:53:43,138 INFO  [org.jboss.as.clustering.infinispan] (ServerService Thread Pool -- 67) WFLYCLINF0003: Stopped loginFailures cache from keycloak container
2018-09-25 11:53:43,145 INFO  [org.jboss.as.clustering.infinispan] (ServerService Thread Pool -- 69) WFLYCLINF0003: Stopped sessions cache from keycloak container
2018-09-25 11:53:43,147 INFO  [org.jboss.as.clustering.infinispan] (ServerService Thread Pool -- 70) WFLYCLINF0003: Stopped realms cache from keycloak container
2018-09-25 11:53:43,147 INFO  [org.wildfly.extension.undertow] (MSC service thread 1-4) WFLYUT0008: Undertow HTTP listener default suspending
2018-09-25 11:53:43,148 INFO  [org.wildfly.extension.undertow] (MSC service thread 1-4) WFLYUT0007: Undertow HTTP listener default stopped, was bound to /127.0.0.1:8080
2018-09-25 11:53:43,151 INFO  [org.wildfly.extension.undertow] (MSC service thread 1-4) WFLYUT0004: Undertow 1.2.9.Final stopping
2018-09-25 11:53:43,168 INFO  [org.jboss.as.clustering.infinispan] (MSC service thread 1-1) WFLYCLINF0003: Stopped offlineSessions cache from keycloak container
2018-09-25 11:53:43,177 INFO  [org.jboss.as] (MSC service thread 1-5) WFLYSRV0050: Keycloak 1.6.0.Final (WildFly Core 1.0.1.Final) stopped in 81ms
2018-09-25 11:53:44,828 INFO  [org.jboss.modules] (main) JBoss Modules version 1.4.3.Final
2018-09-25 11:53:45,069 INFO  [org.jboss.msc] (main) JBoss MSC version 1.2.6.Final
2018-09-25 11:53:45,137 INFO  [org.jboss.as] (MSC service thread 1-6) WFLYSRV0049: Keycloak 1.6.0.Final (WildFly Core 1.0.1.Final) starting
2018-09-25 11:53:45,139 DEBUG [org.jboss.as.config] (MSC service thread 1-6) Configured system properties:
	[Standalone] = 
	awt.toolkit = sun.awt.X11.XToolkit
	file.encoding = UTF-8
	file.encoding.pkg = sun.io
	file.separator = /
	java.awt.graphicsenv = sun.awt.X11GraphicsEnvironment
	java.awt.headless = true
	java.awt.printerjob = sun.print.PSPrinterJob
	java.class.path = /opt/lampp/htdocs/keycloak/jboss-modules.jar
	java.class.version = 52.0
	java.endorsed.dirs = /usr/lib/jvm/java-8-openjdk-amd64/jre/lib/endorsed
	java.ext.dirs = /usr/lib/jvm/java-8-openjdk-amd64/jre/lib/ext:/usr/java/packages/lib/ext
	java.home = /usr/lib/jvm/java-8-openjdk-amd64/jre
	java.io.tmpdir = /tmp
	java.library.path = /usr/java/packages/lib/amd64:/usr/lib/x86_64-linux-gnu/jni:/lib/x86_64-linux-gnu:/usr/lib/x86_64-linux-gnu:/usr/lib/jni:/lib:/usr/lib
	java.net.preferIPv4Stack = true
	java.runtime.name = OpenJDK Runtime Environment
	java.runtime.version = 1.8.0_181-8u181-b13-0ubuntu0.16.04.1-b13
	java.specification.name = Java Platform API Specification
	java.specification.vendor = Oracle Corporation
	java.specification.version = 1.8
	java.util.logging.manager = org.jboss.logmanager.LogManager
	java.vendor = Oracle Corporation
	java.vendor.url = http://java.oracle.com/
	java.vendor.url.bug = http://bugreport.sun.com/bugreport/
	java.version = 1.8.0_181
	java.vm.info = mixed mode
	java.vm.name = OpenJDK 64-Bit Server VM
	java.vm.specification.name = Java Virtual Machine Specification
	java.vm.specification.vendor = Oracle Corporation
	java.vm.specification.version = 1.8
	java.vm.vendor = Oracle Corporation
	java.vm.version = 25.181-b13
	javax.management.builder.initial = org.jboss.as.jmx.PluggableMBeanServerBuilder
	javax.xml.datatype.DatatypeFactory = __redirected.__DatatypeFactory
	javax.xml.parsers.DocumentBuilderFactory = __redirected.__DocumentBuilderFactory
	javax.xml.parsers.SAXParserFactory = __redirected.__SAXParserFactory
	javax.xml.stream.XMLEventFactory = __redirected.__XMLEventFactory
	javax.xml.stream.XMLInputFactory = __redirected.__XMLInputFactory
	javax.xml.stream.XMLOutputFactory = __redirected.__XMLOutputFactory
	javax.xml.transform.TransformerFactory = __redirected.__TransformerFactory
	javax.xml.validation.SchemaFactory:http://www.w3.org/2001/XMLSchema = __redirected.__SchemaFactory
	javax.xml.xpath.XPathFactory:http://java.sun.com/jaxp/xpath/dom = __redirected.__XPathFactory
	jboss.home.dir = /opt/lampp/htdocs/keycloak
	jboss.host.name = netops-latitude-e6540
	jboss.modules.dir = /opt/lampp/htdocs/keycloak/modules
	jboss.modules.system.pkgs = org.jboss.byteman
	jboss.node.name = netops-latitude-e6540
	jboss.qualified.host.name = netops-latitude-e6540
	jboss.server.base.dir = /opt/lampp/htdocs/keycloak/standalone
	jboss.server.config.dir = /opt/lampp/htdocs/keycloak/standalone/configuration
	jboss.server.data.dir = /opt/lampp/htdocs/keycloak/standalone/data
	jboss.server.deploy.dir = /opt/lampp/htdocs/keycloak/standalone/data/content
	jboss.server.log.dir = /opt/lampp/htdocs/keycloak/standalone/log
	jboss.server.name = netops-latitude-e6540
	jboss.server.persist.config = true
	jboss.server.temp.dir = /opt/lampp/htdocs/keycloak/standalone/tmp
	line.separator = 

	logging.configuration = file:/opt/lampp/htdocs/keycloak/standalone/configuration/logging.properties
	module.path = /opt/lampp/htdocs/keycloak/modules
	org.jboss.boot.log.file = /opt/lampp/htdocs/keycloak/standalone/log/server.log
	org.jboss.resolver.warning = true
	org.xml.sax.driver = __redirected.__XMLReaderFactory
	os.arch = amd64
	os.name = Linux
	os.version = 4.4.0-134-generic
	path.separator = :
	sun.arch.data.model = 64
	sun.boot.class.path = /usr/lib/jvm/java-8-openjdk-amd64/jre/lib/resources.jar:/usr/lib/jvm/java-8-openjdk-amd64/jre/lib/rt.jar:/usr/lib/jvm/java-8-openjdk-amd64/jre/lib/sunrsasign.jar:/usr/lib/jvm/java-8-openjdk-amd64/jre/lib/jsse.jar:/usr/lib/jvm/java-8-openjdk-amd64/jre/lib/jce.jar:/usr/lib/jvm/java-8-openjdk-amd64/jre/lib/charsets.jar:/usr/lib/jvm/java-8-openjdk-amd64/jre/lib/jfr.jar:/usr/lib/jvm/java-8-openjdk-amd64/jre/classes
	sun.boot.library.path = /usr/lib/jvm/java-8-openjdk-amd64/jre/lib/amd64
	sun.cpu.endian = little
	sun.cpu.isalist = 
	sun.desktop = gnome
	sun.io.unicode.encoding = UnicodeLittle
	sun.java.command = /opt/lampp/htdocs/keycloak/jboss-modules.jar -mp /opt/lampp/htdocs/keycloak/modules org.jboss.as.standalone -Djboss.home.dir=/opt/lampp/htdocs/keycloak -Djboss.server.base.dir=/opt/lampp/htdocs/keycloak/standalone
	sun.java.launcher = SUN_STANDARD
	sun.jnu.encoding = UTF-8
	sun.management.compiler = HotSpot 64-Bit Tiered Compilers
	sun.os.patch.level = unknown
	user.country = IN
	user.dir = /opt/lampp/htdocs/keycloak/bin
	user.home = /home/aprajita
	user.language = en
	user.name = aprajita
	user.timezone = Asia/Kolkata
2018-09-25 11:53:45,140 DEBUG [org.jboss.as.config] (MSC service thread 1-6) VM Arguments: -D[Standalone] -XX:+UseCompressedOops -XX:+UseCompressedOops -Xms64m -Xmx512m -XX:MaxPermSize=256m -Djava.net.preferIPv4Stack=true -Djboss.modules.system.pkgs=org.jboss.byteman -Djava.awt.headless=true -Dorg.jboss.boot.log.file=/opt/lampp/htdocs/keycloak/standalone/log/server.log -Dlogging.configuration=file:/opt/lampp/htdocs/keycloak/standalone/configuration/logging.properties 
2018-09-25 11:53:46,304 INFO  [org.jboss.as.controller.management-deprecated] (ServerService Thread Pool -- 23) WFLYCTL0028: Attribute 'job-repository-type' in the resource at address '/subsystem=batch' is deprecated, and may be removed in future version. See the attribute description in the output of the read-resource-description operation to learn more about the deprecation.
2018-09-25 11:53:46,315 INFO  [org.jboss.as.controller.management-deprecated] (ServerService Thread Pool -- 19) WFLYCTL0028: Attribute 'enabled' in the resource at address '/subsystem=datasources/data-source=ExampleDS' is deprecated, and may be removed in future version. See the attribute description in the output of the read-resource-description operation to learn more about the deprecation.
2018-09-25 11:53:46,317 INFO  [org.jboss.as.controller.management-deprecated] (ServerService Thread Pool -- 19) WFLYCTL0028: Attribute 'enabled' in the resource at address '/subsystem=datasources/data-source=KeycloakDS' is deprecated, and may be removed in future version. See the attribute description in the output of the read-resource-description operation to learn more about the deprecation.
2018-09-25 11:53:46,358 INFO  [org.jboss.as.server] (Controller Boot Thread) WFLYSRV0039: Creating http management service using socket-binding (management-http)
2018-09-25 11:53:46,387 INFO  [org.xnio] (MSC service thread 1-6) XNIO version 3.3.1.Final
2018-09-25 11:53:46,397 INFO  [org.xnio.nio] (MSC service thread 1-6) XNIO NIO Implementation Version 3.3.1.Final
2018-09-25 11:53:46,474 INFO  [org.wildfly.extension.io] (ServerService Thread Pool -- 36) WFLYIO001: Worker 'default' has auto-configured to 8 core threads with 64 task threads based on your 4 available processors
2018-09-25 11:53:46,477 INFO  [org.jboss.as.clustering.infinispan] (ServerService Thread Pool -- 37) WFLYCLINF0001: Activating Infinispan subsystem.
2018-09-25 11:53:46,507 INFO  [org.jboss.remoting] (MSC service thread 1-6) JBoss Remoting version 4.0.9.Final
2018-09-25 11:53:46,525 INFO  [org.jboss.as.jsf] (ServerService Thread Pool -- 43) WFLYJSF0007: Activated the following JSF Implementations: [main]
2018-09-25 11:53:46,535 INFO  [org.jboss.as.connector] (MSC service thread 1-4) WFLYJCA0009: Starting JCA Subsystem (IronJacamar 1.2.4.Final)
2018-09-25 11:53:46,559 INFO  [org.jboss.as.naming] (ServerService Thread Pool -- 45) WFLYNAM0001: Activating Naming Subsystem
2018-09-25 11:53:46,584 INFO  [org.jboss.as.connector.subsystems.datasources] (ServerService Thread Pool -- 33) WFLYJCA0004: Deploying JDBC-compliant driver class org.h2.Driver (version 1.3)
2018-09-25 11:53:46,598 INFO  [org.jboss.as.security] (ServerService Thread Pool -- 52) WFLYSEC0002: Activating Security Subsystem
2018-09-25 11:53:46,601 INFO  [org.jboss.as.connector.deployers.jdbc] (MSC service thread 1-6) WFLYJCA0018: Started Driver service with driver-name = h2
2018-09-25 11:53:46,643 WARN  [org.jboss.as.txn] (ServerService Thread Pool -- 53) WFLYTX0013: Node identifier property is set to the default value. Please make sure it is unique.
2018-09-25 11:53:46,654 INFO  [org.jboss.as.security] (MSC service thread 1-2) WFLYSEC0001: Current PicketBox version=4.9.2.Final
2018-09-25 11:53:46,672 INFO  [org.jboss.as.webservices] (ServerService Thread Pool -- 55) WFLYWS0002: Activating WebServices Extension
2018-09-25 11:53:46,703 INFO  [org.jboss.as.naming] (MSC service thread 1-8) WFLYNAM0003: Starting Naming Service
2018-09-25 11:53:46,704 INFO  [org.jboss.as.mail.extension] (MSC service thread 1-5) WFLYMAIL0001: Bound mail session [java:jboss/mail/Default]
2018-09-25 11:53:46,712 INFO  [org.wildfly.extension.undertow] (MSC service thread 1-3) WFLYUT0003: Undertow 1.2.9.Final starting
2018-09-25 11:53:46,726 INFO  [org.wildfly.extension.undertow] (ServerService Thread Pool -- 54) WFLYUT0003: Undertow 1.2.9.Final starting
2018-09-25 11:53:46,992 INFO  [org.wildfly.extension.undertow] (ServerService Thread Pool -- 54) WFLYUT0014: Creating file handler for path /opt/lampp/htdocs/keycloak/welcome-content
2018-09-25 11:53:47,006 INFO  [org.wildfly.extension.undertow] (MSC service thread 1-7) WFLYUT0012: Started server default-server.
2018-09-25 11:53:47,043 INFO  [org.wildfly.extension.undertow] (MSC service thread 1-4) WFLYUT0018: Host default-host starting
2018-09-25 11:53:47,220 INFO  [org.wildfly.extension.undertow] (MSC service thread 1-7) WFLYUT0006: Undertow HTTP listener default listening on /127.0.0.1:8080
2018-09-25 11:53:47,251 INFO  [org.jboss.as.connector.subsystems.datasources] (MSC service thread 1-8) WFLYJCA0001: Bound data source [java:jboss/datasources/KeycloakDS]
2018-09-25 11:53:47,253 INFO  [org.jboss.as.connector.subsystems.datasources] (MSC service thread 1-5) WFLYJCA0001: Bound data source [java:jboss/datasources/ExampleDS]
2018-09-25 11:53:47,419 INFO  [org.jboss.as.server.deployment] (MSC service thread 1-1) WFLYSRV0027: Starting deployment of "keycloak-server.war" (runtime-name: "keycloak-server.war")
2018-09-25 11:53:47,541 INFO  [org.jboss.ws.common.management] (MSC service thread 1-4) JBWS022052: Starting JBoss Web Services - Stack CXF Server 5.0.0.Final
2018-09-25 11:53:47,931 INFO  [org.infinispan.factories.GlobalComponentRegistry] (ServerService Thread Pool -- 58) ISPN000128: Infinispan version: Infinispan 'Insanely Bad Elf' 7.2.3.Final
2018-09-25 11:53:48,206 INFO  [org.jboss.as.clustering.infinispan] (ServerService Thread Pool -- 61) WFLYCLINF0002: Started loginFailures cache from keycloak container
2018-09-25 11:53:48,207 INFO  [org.jboss.as.clustering.infinispan] (ServerService Thread Pool -- 59) WFLYCLINF0002: Started sessions cache from keycloak container
2018-09-25 11:53:48,210 INFO  [org.jboss.as.clustering.infinispan] (ServerService Thread Pool -- 60) WFLYCLINF0002: Started users cache from keycloak container
2018-09-25 11:53:48,214 INFO  [org.jboss.as.clustering.infinispan] (ServerService Thread Pool -- 58) WFLYCLINF0002: Started realms cache from keycloak container
2018-09-25 11:53:49,219 INFO  [org.keycloak.services.resources.KeycloakApplication] (ServerService Thread Pool -- 62) Load config from /opt/lampp/htdocs/keycloak/standalone/configuration/keycloak-server.json
2018-09-25 11:53:49,685 WARN  [org.keycloak.connections.infinispan.DefaultInfinispanConnectionProviderFactory] (ServerService Thread Pool -- 62) No configuration provided for 'offlineSessions' cache. Using 'sessions' configuration as template
2018-09-25 11:53:49,692 INFO  [org.jboss.as.clustering.infinispan] (ServerService Thread Pool -- 62) WFLYCLINF0002: Started offlineSessions cache from keycloak container
2018-09-25 11:53:50,311 INFO  [org.hibernate.jpa.internal.util.LogHelper] (ServerService Thread Pool -- 62) HHH000204: Processing PersistenceUnitInfo [
	name: keycloak-default
	...]
2018-09-25 11:53:50,395 INFO  [org.hibernate.Version] (ServerService Thread Pool -- 62) HHH000412: Hibernate Core {4.3.10.Final}
2018-09-25 11:53:50,398 INFO  [org.hibernate.cfg.Environment] (ServerService Thread Pool -- 62) HHH000206: hibernate.properties not found
2018-09-25 11:53:50,400 INFO  [org.hibernate.cfg.Environment] (ServerService Thread Pool -- 62) HHH000021: Bytecode provider name : javassist
2018-09-25 11:53:50,571 INFO  [org.hibernate.annotations.common.Version] (ServerService Thread Pool -- 62) HCANN000001: Hibernate Commons Annotations {4.0.5.Final}
2018-09-25 11:53:50,645 INFO  [org.hibernate.dialect.Dialect] (ServerService Thread Pool -- 62) HHH000400: Using dialect: org.hibernate.dialect.H2Dialect
2018-09-25 11:53:50,654 WARN  [org.hibernate.dialect.H2Dialect] (ServerService Thread Pool -- 62) HHH000431: Unable to determine H2 database version, certain features may not work
2018-09-25 11:53:51,016 INFO  [org.hibernate.hql.internal.ast.ASTQueryTranslatorFactory] (ServerService Thread Pool -- 62) HHH000397: Using ASTQueryTranslatorFactory
2018-09-25 11:53:51,064 INFO  [org.hibernate.validator.internal.util.Version] (ServerService Thread Pool -- 62) HV000001: Hibernate Validator 5.1.3.Final
2018-09-25 11:53:52,890 INFO  [org.jboss.resteasy.spi.ResteasyDeployment] (ServerService Thread Pool -- 62) Deploying javax.ws.rs.core.Application: class org.keycloak.services.resources.KeycloakApplication
2018-09-25 11:53:52,893 INFO  [org.jboss.resteasy.spi.ResteasyDeployment] (ServerService Thread Pool -- 62) Adding class resource org.keycloak.services.resources.QRCodeResource from Application class org.keycloak.services.resources.KeycloakApplication
2018-09-25 11:53:52,893 INFO  [org.jboss.resteasy.spi.ResteasyDeployment] (ServerService Thread Pool -- 62) Adding class resource org.keycloak.services.resources.WelcomeResource from Application class org.keycloak.services.resources.KeycloakApplication
2018-09-25 11:53:52,894 INFO  [org.jboss.resteasy.spi.ResteasyDeployment] (ServerService Thread Pool -- 62) Adding class resource org.keycloak.services.resources.JsResource from Application class org.keycloak.services.resources.KeycloakApplication
2018-09-25 11:53:52,894 INFO  [org.jboss.resteasy.spi.ResteasyDeployment] (ServerService Thread Pool -- 62) Adding class resource org.keycloak.services.resources.ThemeResource from Application class org.keycloak.services.resources.KeycloakApplication
2018-09-25 11:53:52,894 INFO  [org.jboss.resteasy.spi.ResteasyDeployment] (ServerService Thread Pool -- 62) Adding provider singleton org.keycloak.services.resources.ModelExceptionMapper from Application class org.keycloak.services.resources.KeycloakApplication
2018-09-25 11:53:52,895 INFO  [org.jboss.resteasy.spi.ResteasyDeployment] (ServerService Thread Pool -- 62) Adding singleton resource org.keycloak.services.resources.RealmsResource from Application class org.keycloak.services.resources.KeycloakApplication
2018-09-25 11:53:52,895 INFO  [org.jboss.resteasy.spi.ResteasyDeployment] (ServerService Thread Pool -- 62) Adding singleton resource org.keycloak.services.resources.ServerVersionResource from Application class org.keycloak.services.resources.KeycloakApplication
2018-09-25 11:53:52,895 INFO  [org.jboss.resteasy.spi.ResteasyDeployment] (ServerService Thread Pool -- 62) Adding provider singleton org.keycloak.services.util.ObjectMapperResolver from Application class org.keycloak.services.resources.KeycloakApplication
2018-09-25 11:53:52,895 INFO  [org.jboss.resteasy.spi.ResteasyDeployment] (ServerService Thread Pool -- 62) Adding singleton resource org.keycloak.services.resources.admin.AdminRoot from Application class org.keycloak.services.resources.KeycloakApplication
2018-09-25 11:53:52,993 INFO  [org.wildfly.extension.undertow] (ServerService Thread Pool -- 62) WFLYUT0021: Registered web context: /auth
2018-09-25 11:53:53,048 INFO  [org.jboss.as.server] (ServerService Thread Pool -- 57) WFLYSRV0010: Deployed "keycloak-server.war" (runtime-name : "keycloak-server.war")
2018-09-25 11:53:53,172 INFO  [org.jboss.as] (Controller Boot Thread) WFLYSRV0060: Http management interface listening on http://127.0.0.1:9990/management
2018-09-25 11:53:53,173 INFO  [org.jboss.as] (Controller Boot Thread) WFLYSRV0051: Admin console listening on http://127.0.0.1:9990
2018-09-25 11:53:53,174 INFO  [org.jboss.as] (Controller Boot Thread) WFLYSRV0025: Keycloak 1.6.0.Final (WildFly Core 1.0.1.Final) started in 8710ms - Started 308 of 527 services (274 services are lazy, passive or on-demand)
2018-09-25 11:54:34,102 WARN  [org.keycloak.events] (default task-9) type=LOGIN_ERROR, realmId=master, clientId=security-admin-console, userId=db5b8423-a930-4549-84f2-276babcf689c, ipAddress=127.0.0.1, error=invalid_user_credentials, auth_method=openid-connect, auth_type=code, redirect_uri=http://localhost:8080/auth/admin/master/console/, code_id=02f7761f-1d1b-41d8-8527-08cc03f849c1, username=user@jaldhara
2018-09-25 11:54:57,490 WARN  [org.keycloak.events] (default task-10) type=LOGIN_ERROR, realmId=master, clientId=security-admin-console, userId=null, ipAddress=127.0.0.1, error=user_not_found, auth_method=openid-connect, auth_type=code, redirect_uri=http://localhost:8080/auth/admin/master/console/, code_id=02f7761f-1d1b-41d8-8527-08cc03f849c1, username=aprajita@jaldhara
2018-09-25 11:55:07,610 WARN  [org.keycloak.events] (default task-11) type=LOGIN_ERROR, realmId=master, clientId=security-admin-console, userId=null, ipAddress=127.0.0.1, error=user_not_found, auth_method=openid-connect, auth_type=code, redirect_uri=http://localhost:8080/auth/admin/master/console/, code_id=02f7761f-1d1b-41d8-8527-08cc03f849c1, username=aprajita
2018-09-25 11:56:09,875 INFO  [org.jboss.as.server] (Thread-2) WFLYSRV0220: Server shutdown has been requested.
2018-09-25 11:56:09,910 INFO  [org.jboss.as.connector.subsystems.datasources] (MSC service thread 1-8) WFLYJCA0010: Unbound data source [java:jboss/datasources/KeycloakDS]
2018-09-25 11:56:09,930 INFO  [org.wildfly.extension.undertow] (ServerService Thread Pool -- 67) WFLYUT0022: Unregistered web context: /auth
2018-09-25 11:56:09,963 INFO  [org.wildfly.extension.undertow] (MSC service thread 1-5) WFLYUT0019: Host default-host stopping
2018-09-25 11:56:09,965 INFO  [org.jboss.as.connector.subsystems.datasources] (MSC service thread 1-3) WFLYJCA0010: Unbound data source [java:jboss/datasources/ExampleDS]
2018-09-25 11:56:09,969 INFO  [org.wildfly.extension.undertow] (MSC service thread 1-2) WFLYUT0008: Undertow HTTP listener default suspending
2018-09-25 11:56:09,971 INFO  [org.jboss.as.connector.deployers.jdbc] (MSC service thread 1-8) WFLYJCA0019: Stopped Driver service with driver-name = h2
2018-09-25 11:56:09,974 INFO  [org.wildfly.extension.undertow] (MSC service thread 1-2) WFLYUT0007: Undertow HTTP listener default stopped, was bound to /127.0.0.1:8080
2018-09-25 11:56:09,974 INFO  [org.jboss.as.clustering.infinispan] (ServerService Thread Pool -- 70) WFLYCLINF0003: Stopped users cache from keycloak container
2018-09-25 11:56:09,975 INFO  [org.wildfly.extension.undertow] (MSC service thread 1-2) WFLYUT0004: Undertow 1.2.9.Final stopping
2018-09-25 11:56:09,976 INFO  [org.jboss.as.clustering.infinispan] (ServerService Thread Pool -- 69) WFLYCLINF0003: Stopped sessions cache from keycloak container
2018-09-25 11:56:09,973 INFO  [org.jboss.as.clustering.infinispan] (ServerService Thread Pool -- 71) WFLYCLINF0003: Stopped loginFailures cache from keycloak container
2018-09-25 11:56:09,987 INFO  [org.jboss.as.server.deployment] (MSC service thread 1-6) WFLYSRV0028: Stopped deployment keycloak-server.war (runtime-name: keycloak-server.war) in 99ms
2018-09-25 11:56:09,988 INFO  [org.jboss.as.clustering.infinispan] (ServerService Thread Pool -- 67) WFLYCLINF0003: Stopped realms cache from keycloak container
2018-09-25 11:56:09,992 INFO  [org.jboss.as.clustering.infinispan] (MSC service thread 1-5) WFLYCLINF0003: Stopped offlineSessions cache from keycloak container
2018-09-25 11:56:10,002 INFO  [org.jboss.as] (MSC service thread 1-4) WFLYSRV0050: Keycloak 1.6.0.Final (WildFly Core 1.0.1.Final) stopped in 110ms
2018-09-25 11:56:17,492 INFO  [org.jboss.modules] (main) JBoss Modules version 1.4.3.Final
2018-09-25 11:56:17,686 INFO  [org.jboss.msc] (main) JBoss MSC version 1.2.6.Final
2018-09-25 11:56:17,752 INFO  [org.jboss.as] (MSC service thread 1-8) WFLYSRV0049: Keycloak 1.6.0.Final (WildFly Core 1.0.1.Final) starting
2018-09-25 11:56:17,754 DEBUG [org.jboss.as.config] (MSC service thread 1-8) Configured system properties:
	[Standalone] = 
	awt.toolkit = sun.awt.X11.XToolkit
	file.encoding = UTF-8
	file.encoding.pkg = sun.io
	file.separator = /
	java.awt.graphicsenv = sun.awt.X11GraphicsEnvironment
	java.awt.headless = true
	java.awt.printerjob = sun.print.PSPrinterJob
	java.class.path = /opt/lampp/htdocs/keycloak/jboss-modules.jar
	java.class.version = 52.0
	java.endorsed.dirs = /usr/lib/jvm/java-8-openjdk-amd64/jre/lib/endorsed
	java.ext.dirs = /usr/lib/jvm/java-8-openjdk-amd64/jre/lib/ext:/usr/java/packages/lib/ext
	java.home = /usr/lib/jvm/java-8-openjdk-amd64/jre
	java.io.tmpdir = /tmp
	java.library.path = /usr/java/packages/lib/amd64:/usr/lib/x86_64-linux-gnu/jni:/lib/x86_64-linux-gnu:/usr/lib/x86_64-linux-gnu:/usr/lib/jni:/lib:/usr/lib
	java.net.preferIPv4Stack = true
	java.runtime.name = OpenJDK Runtime Environment
	java.runtime.version = 1.8.0_181-8u181-b13-0ubuntu0.16.04.1-b13
	java.specification.name = Java Platform API Specification
	java.specification.vendor = Oracle Corporation
	java.specification.version = 1.8
	java.util.logging.manager = org.jboss.logmanager.LogManager
	java.vendor = Oracle Corporation
	java.vendor.url = http://java.oracle.com/
	java.vendor.url.bug = http://bugreport.sun.com/bugreport/
	java.version = 1.8.0_181
	java.vm.info = mixed mode
	java.vm.name = OpenJDK 64-Bit Server VM
	java.vm.specification.name = Java Virtual Machine Specification
	java.vm.specification.vendor = Oracle Corporation
	java.vm.specification.version = 1.8
	java.vm.vendor = Oracle Corporation
	java.vm.version = 25.181-b13
	javax.management.builder.initial = org.jboss.as.jmx.PluggableMBeanServerBuilder
	javax.xml.datatype.DatatypeFactory = __redirected.__DatatypeFactory
	javax.xml.parsers.DocumentBuilderFactory = __redirected.__DocumentBuilderFactory
	javax.xml.parsers.SAXParserFactory = __redirected.__SAXParserFactory
	javax.xml.stream.XMLEventFactory = __redirected.__XMLEventFactory
	javax.xml.stream.XMLInputFactory = __redirected.__XMLInputFactory
	javax.xml.stream.XMLOutputFactory = __redirected.__XMLOutputFactory
	javax.xml.transform.TransformerFactory = __redirected.__TransformerFactory
	javax.xml.validation.SchemaFactory:http://www.w3.org/2001/XMLSchema = __redirected.__SchemaFactory
	javax.xml.xpath.XPathFactory:http://java.sun.com/jaxp/xpath/dom = __redirected.__XPathFactory
	jboss.home.dir = /opt/lampp/htdocs/keycloak
	jboss.host.name = netops-latitude-e6540
	jboss.modules.dir = /opt/lampp/htdocs/keycloak/modules
	jboss.modules.system.pkgs = org.jboss.byteman
	jboss.node.name = netops-latitude-e6540
	jboss.qualified.host.name = netops-latitude-e6540
	jboss.server.base.dir = /opt/lampp/htdocs/keycloak/standalone
	jboss.server.config.dir = /opt/lampp/htdocs/keycloak/standalone/configuration
	jboss.server.data.dir = /opt/lampp/htdocs/keycloak/standalone/data
	jboss.server.deploy.dir = /opt/lampp/htdocs/keycloak/standalone/data/content
	jboss.server.log.dir = /opt/lampp/htdocs/keycloak/standalone/log
	jboss.server.name = netops-latitude-e6540
	jboss.server.persist.config = true
	jboss.server.temp.dir = /opt/lampp/htdocs/keycloak/standalone/tmp
	line.separator = 

	logging.configuration = file:/opt/lampp/htdocs/keycloak/standalone/configuration/logging.properties
	module.path = /opt/lampp/htdocs/keycloak/modules
	org.jboss.boot.log.file = /opt/lampp/htdocs/keycloak/standalone/log/server.log
	org.jboss.resolver.warning = true
	org.xml.sax.driver = __redirected.__XMLReaderFactory
	os.arch = amd64
	os.name = Linux
	os.version = 4.4.0-134-generic
	path.separator = :
	sun.arch.data.model = 64
	sun.boot.class.path = /usr/lib/jvm/java-8-openjdk-amd64/jre/lib/resources.jar:/usr/lib/jvm/java-8-openjdk-amd64/jre/lib/rt.jar:/usr/lib/jvm/java-8-openjdk-amd64/jre/lib/sunrsasign.jar:/usr/lib/jvm/java-8-openjdk-amd64/jre/lib/jsse.jar:/usr/lib/jvm/java-8-openjdk-amd64/jre/lib/jce.jar:/usr/lib/jvm/java-8-openjdk-amd64/jre/lib/charsets.jar:/usr/lib/jvm/java-8-openjdk-amd64/jre/lib/jfr.jar:/usr/lib/jvm/java-8-openjdk-amd64/jre/classes
	sun.boot.library.path = /usr/lib/jvm/java-8-openjdk-amd64/jre/lib/amd64
	sun.cpu.endian = little
	sun.cpu.isalist = 
	sun.desktop = gnome
	sun.io.unicode.encoding = UnicodeLittle
	sun.java.command = /opt/lampp/htdocs/keycloak/jboss-modules.jar -mp /opt/lampp/htdocs/keycloak/modules org.jboss.as.standalone -Djboss.home.dir=/opt/lampp/htdocs/keycloak -Djboss.server.base.dir=/opt/lampp/htdocs/keycloak/standalone
	sun.java.launcher = SUN_STANDARD
	sun.jnu.encoding = UTF-8
	sun.management.compiler = HotSpot 64-Bit Tiered Compilers
	sun.os.patch.level = unknown
	user.country = IN
	user.dir = /opt/lampp/htdocs/keycloak/bin
	user.home = /home/aprajita
	user.language = en
	user.name = aprajita
	user.timezone = Asia/Kolkata
2018-09-25 11:56:17,755 DEBUG [org.jboss.as.config] (MSC service thread 1-8) VM Arguments: -D[Standalone] -XX:+UseCompressedOops -XX:+UseCompressedOops -Xms64m -Xmx512m -XX:MaxPermSize=256m -Djava.net.preferIPv4Stack=true -Djboss.modules.system.pkgs=org.jboss.byteman -Djava.awt.headless=true -Dorg.jboss.boot.log.file=/opt/lampp/htdocs/keycloak/standalone/log/server.log -Dlogging.configuration=file:/opt/lampp/htdocs/keycloak/standalone/configuration/logging.properties 
2018-09-25 11:56:18,960 INFO  [org.jboss.as.controller.management-deprecated] (ServerService Thread Pool -- 20) WFLYCTL0028: Attribute 'job-repository-type' in the resource at address '/subsystem=batch' is deprecated, and may be removed in future version. See the attribute description in the output of the read-resource-description operation to learn more about the deprecation.
2018-09-25 11:56:18,960 INFO  [org.jboss.as.controller.management-deprecated] (ServerService Thread Pool -- 4) WFLYCTL0028: Attribute 'enabled' in the resource at address '/subsystem=datasources/data-source=ExampleDS' is deprecated, and may be removed in future version. See the attribute description in the output of the read-resource-description operation to learn more about the deprecation.
2018-09-25 11:56:18,963 INFO  [org.jboss.as.controller.management-deprecated] (ServerService Thread Pool -- 4) WFLYCTL0028: Attribute 'enabled' in the resource at address '/subsystem=datasources/data-source=KeycloakDS' is deprecated, and may be removed in future version. See the attribute description in the output of the read-resource-description operation to learn more about the deprecation.
2018-09-25 11:56:19,036 INFO  [org.jboss.as.server] (Controller Boot Thread) WFLYSRV0039: Creating http management service using socket-binding (management-http)
2018-09-25 11:56:19,061 INFO  [org.xnio] (MSC service thread 1-5) XNIO version 3.3.1.Final
2018-09-25 11:56:19,080 INFO  [org.xnio.nio] (MSC service thread 1-5) XNIO NIO Implementation Version 3.3.1.Final
2018-09-25 11:56:19,137 INFO  [org.jboss.remoting] (MSC service thread 1-5) JBoss Remoting version 4.0.9.Final
2018-09-25 11:56:19,196 INFO  [org.jboss.as.clustering.infinispan] (ServerService Thread Pool -- 37) WFLYCLINF0001: Activating Infinispan subsystem.
2018-09-25 11:56:19,198 INFO  [org.wildfly.extension.io] (ServerService Thread Pool -- 36) WFLYIO001: Worker 'default' has auto-configured to 8 core threads with 64 task threads based on your 4 available processors
2018-09-25 11:56:19,230 INFO  [org.jboss.as.connector] (MSC service thread 1-4) WFLYJCA0009: Starting JCA Subsystem (IronJacamar 1.2.4.Final)
2018-09-25 11:56:19,256 INFO  [org.jboss.as.connector.subsystems.datasources] (ServerService Thread Pool -- 33) WFLYJCA0004: Deploying JDBC-compliant driver class org.h2.Driver (version 1.3)
2018-09-25 11:56:19,275 INFO  [org.jboss.as.connector.deployers.jdbc] (MSC service thread 1-3) WFLYJCA0018: Started Driver service with driver-name = h2
2018-09-25 11:56:19,297 INFO  [org.jboss.as.jsf] (ServerService Thread Pool -- 43) WFLYJSF0007: Activated the following JSF Implementations: [main]
2018-09-25 11:56:19,301 WARN  [org.jboss.as.txn] (ServerService Thread Pool -- 53) WFLYTX0013: Node identifier property is set to the default value. Please make sure it is unique.
2018-09-25 11:56:19,306 INFO  [org.jboss.as.naming] (ServerService Thread Pool -- 45) WFLYNAM0001: Activating Naming Subsystem
2018-09-25 11:56:19,300 INFO  [org.jboss.as.security] (ServerService Thread Pool -- 52) WFLYSEC0002: Activating Security Subsystem
2018-09-25 11:56:19,335 INFO  [org.jboss.as.security] (MSC service thread 1-8) WFLYSEC0001: Current PicketBox version=4.9.2.Final
2018-09-25 11:56:19,371 INFO  [org.jboss.as.webservices] (ServerService Thread Pool -- 55) WFLYWS0002: Activating WebServices Extension
2018-09-25 11:56:19,433 INFO  [org.jboss.as.naming] (MSC service thread 1-7) WFLYNAM0003: Starting Naming Service
2018-09-25 11:56:19,434 INFO  [org.jboss.as.mail.extension] (MSC service thread 1-2) WFLYMAIL0001: Bound mail session [java:jboss/mail/Default]
2018-09-25 11:56:19,494 INFO  [org.wildfly.extension.undertow] (MSC service thread 1-3) WFLYUT0003: Undertow 1.2.9.Final starting
2018-09-25 11:56:19,640 INFO  [org.wildfly.extension.undertow] (ServerService Thread Pool -- 54) WFLYUT0003: Undertow 1.2.9.Final starting
2018-09-25 11:56:19,779 INFO  [org.wildfly.extension.undertow] (ServerService Thread Pool -- 54) WFLYUT0014: Creating file handler for path /opt/lampp/htdocs/keycloak/welcome-content
2018-09-25 11:56:19,786 INFO  [org.wildfly.extension.undertow] (MSC service thread 1-4) WFLYUT0012: Started server default-server.
2018-09-25 11:56:19,842 INFO  [org.wildfly.extension.undertow] (MSC service thread 1-6) WFLYUT0018: Host default-host starting
2018-09-25 11:56:20,014 INFO  [org.wildfly.extension.undertow] (MSC service thread 1-4) WFLYUT0006: Undertow HTTP listener default listening on /127.0.0.1:8080
2018-09-25 11:56:20,162 INFO  [org.jboss.as.connector.subsystems.datasources] (MSC service thread 1-4) WFLYJCA0001: Bound data source [java:jboss/datasources/ExampleDS]
2018-09-25 11:56:20,163 INFO  [org.jboss.as.connector.subsystems.datasources] (MSC service thread 1-4) WFLYJCA0001: Bound data source [java:jboss/datasources/KeycloakDS]
2018-09-25 11:56:20,309 INFO  [org.jboss.as.server.deployment] (MSC service thread 1-3) WFLYSRV0027: Starting deployment of "keycloak-server.war" (runtime-name: "keycloak-server.war")
2018-09-25 11:56:20,480 INFO  [org.jboss.ws.common.management] (MSC service thread 1-1) JBWS022052: Starting JBoss Web Services - Stack CXF Server 5.0.0.Final
2018-09-25 11:56:20,822 INFO  [org.infinispan.factories.GlobalComponentRegistry] (ServerService Thread Pool -- 58) ISPN000128: Infinispan version: Infinispan 'Insanely Bad Elf' 7.2.3.Final
2018-09-25 11:56:21,130 INFO  [org.jboss.as.clustering.infinispan] (ServerService Thread Pool -- 61) WFLYCLINF0002: Started loginFailures cache from keycloak container
2018-09-25 11:56:21,132 INFO  [org.jboss.as.clustering.infinispan] (ServerService Thread Pool -- 60) WFLYCLINF0002: Started sessions cache from keycloak container
2018-09-25 11:56:21,133 INFO  [org.jboss.as.clustering.infinispan] (ServerService Thread Pool -- 58) WFLYCLINF0002: Started realms cache from keycloak container
2018-09-25 11:56:21,135 INFO  [org.jboss.as.clustering.infinispan] (ServerService Thread Pool -- 62) WFLYCLINF0002: Started users cache from keycloak container
2018-09-25 11:56:22,103 INFO  [org.keycloak.services.resources.KeycloakApplication] (ServerService Thread Pool -- 63) Load config from /opt/lampp/htdocs/keycloak/standalone/configuration/keycloak-server.json
2018-09-25 11:56:22,526 WARN  [org.keycloak.connections.infinispan.DefaultInfinispanConnectionProviderFactory] (ServerService Thread Pool -- 63) No configuration provided for 'offlineSessions' cache. Using 'sessions' configuration as template
2018-09-25 11:56:22,534 INFO  [org.jboss.as.clustering.infinispan] (ServerService Thread Pool -- 63) WFLYCLINF0002: Started offlineSessions cache from keycloak container
2018-09-25 11:56:23,113 INFO  [org.hibernate.jpa.internal.util.LogHelper] (ServerService Thread Pool -- 63) HHH000204: Processing PersistenceUnitInfo [
	name: keycloak-default
	...]
2018-09-25 11:56:23,185 INFO  [org.hibernate.Version] (ServerService Thread Pool -- 63) HHH000412: Hibernate Core {4.3.10.Final}
2018-09-25 11:56:23,187 INFO  [org.hibernate.cfg.Environment] (ServerService Thread Pool -- 63) HHH000206: hibernate.properties not found
2018-09-25 11:56:23,189 INFO  [org.hibernate.cfg.Environment] (ServerService Thread Pool -- 63) HHH000021: Bytecode provider name : javassist
2018-09-25 11:56:23,358 INFO  [org.hibernate.annotations.common.Version] (ServerService Thread Pool -- 63) HCANN000001: Hibernate Commons Annotations {4.0.5.Final}
2018-09-25 11:56:23,425 INFO  [org.hibernate.dialect.Dialect] (ServerService Thread Pool -- 63) HHH000400: Using dialect: org.hibernate.dialect.H2Dialect
2018-09-25 11:56:23,431 WARN  [org.hibernate.dialect.H2Dialect] (ServerService Thread Pool -- 63) HHH000431: Unable to determine H2 database version, certain features may not work
2018-09-25 11:56:23,747 INFO  [org.hibernate.hql.internal.ast.ASTQueryTranslatorFactory] (ServerService Thread Pool -- 63) HHH000397: Using ASTQueryTranslatorFactory
2018-09-25 11:56:23,793 INFO  [org.hibernate.validator.internal.util.Version] (ServerService Thread Pool -- 63) HV000001: Hibernate Validator 5.1.3.Final
2018-09-25 11:56:25,812 INFO  [org.jboss.resteasy.spi.ResteasyDeployment] (ServerService Thread Pool -- 63) Deploying javax.ws.rs.core.Application: class org.keycloak.services.resources.KeycloakApplication
2018-09-25 11:56:25,814 INFO  [org.jboss.resteasy.spi.ResteasyDeployment] (ServerService Thread Pool -- 63) Adding class resource org.keycloak.services.resources.QRCodeResource from Application class org.keycloak.services.resources.KeycloakApplication
2018-09-25 11:56:25,815 INFO  [org.jboss.resteasy.spi.ResteasyDeployment] (ServerService Thread Pool -- 63) Adding class resource org.keycloak.services.resources.ThemeResource from Application class org.keycloak.services.resources.KeycloakApplication
2018-09-25 11:56:25,815 INFO  [org.jboss.resteasy.spi.ResteasyDeployment] (ServerService Thread Pool -- 63) Adding class resource org.keycloak.services.resources.JsResource from Application class org.keycloak.services.resources.KeycloakApplication
2018-09-25 11:56:25,816 INFO  [org.jboss.resteasy.spi.ResteasyDeployment] (ServerService Thread Pool -- 63) Adding class resource org.keycloak.services.resources.WelcomeResource from Application class org.keycloak.services.resources.KeycloakApplication
2018-09-25 11:56:25,816 INFO  [org.jboss.resteasy.spi.ResteasyDeployment] (ServerService Thread Pool -- 63) Adding provider singleton org.keycloak.services.resources.ModelExceptionMapper from Application class org.keycloak.services.resources.KeycloakApplication
2018-09-25 11:56:25,816 INFO  [org.jboss.resteasy.spi.ResteasyDeployment] (ServerService Thread Pool -- 63) Adding singleton resource org.keycloak.services.resources.admin.AdminRoot from Application class org.keycloak.services.resources.KeycloakApplication
2018-09-25 11:56:25,816 INFO  [org.jboss.resteasy.spi.ResteasyDeployment] (ServerService Thread Pool -- 63) Adding provider singleton org.keycloak.services.util.ObjectMapperResolver from Application class org.keycloak.services.resources.KeycloakApplication
2018-09-25 11:56:25,817 INFO  [org.jboss.resteasy.spi.ResteasyDeployment] (ServerService Thread Pool -- 63) Adding singleton resource org.keycloak.services.resources.RealmsResource from Application class org.keycloak.services.resources.KeycloakApplication
2018-09-25 11:56:25,817 INFO  [org.jboss.resteasy.spi.ResteasyDeployment] (ServerService Thread Pool -- 63) Adding singleton resource org.keycloak.services.resources.ServerVersionResource from Application class org.keycloak.services.resources.KeycloakApplication
2018-09-25 11:56:25,922 INFO  [org.wildfly.extension.undertow] (ServerService Thread Pool -- 63) WFLYUT0021: Registered web context: /auth
2018-09-25 11:56:25,972 INFO  [org.jboss.as.server] (ServerService Thread Pool -- 57) WFLYSRV0010: Deployed "keycloak-server.war" (runtime-name : "keycloak-server.war")
2018-09-25 11:56:26,162 INFO  [org.jboss.as] (Controller Boot Thread) WFLYSRV0060: Http management interface listening on http://127.0.0.1:9990/management
2018-09-25 11:56:26,163 INFO  [org.jboss.as] (Controller Boot Thread) WFLYSRV0051: Admin console listening on http://127.0.0.1:9990
2018-09-25 11:56:26,163 INFO  [org.jboss.as] (Controller Boot Thread) WFLYSRV0025: Keycloak 1.6.0.Final (WildFly Core 1.0.1.Final) started in 8946ms - Started 308 of 527 services (274 services are lazy, passive or on-demand)
2018-09-25 11:56:49,713 WARN  [org.keycloak.events] (default task-5) type=LOGIN_ERROR, realmId=master, clientId=security-admin-console, userId=db5b8423-a930-4549-84f2-276babcf689c, ipAddress=127.0.0.1, error=invalid_user_credentials, auth_method=openid-connect, auth_type=code, redirect_uri=http://localhost:8080/auth/admin/master/console/, code_id=3d404abd-5c5f-431d-ace3-01ce67388efe, username=user@jaldhara
2018-09-25 11:58:04,585 WARN  [org.jboss.resteasy.core.ExceptionHandler] (default task-4) Failed executing GET /admin/realms/master: org.keycloak.services.ForbiddenException
	at org.keycloak.services.resources.admin.RealmAuth.requireAny(RealmAuth.java:39)
	at org.keycloak.services.resources.admin.RealmAdminResource.getRealm(RealmAdminResource.java:176)
	at sun.reflect.NativeMethodAccessorImpl.invoke0(Native Method)
	at sun.reflect.NativeMethodAccessorImpl.invoke(NativeMethodAccessorImpl.java:62)
	at sun.reflect.DelegatingMethodAccessorImpl.invoke(DelegatingMethodAccessorImpl.java:43)
	at java.lang.reflect.Method.invoke(Method.java:498)
	at org.jboss.resteasy.core.MethodInjectorImpl.invoke(MethodInjectorImpl.java:137)
	at org.jboss.resteasy.core.ResourceMethodInvoker.invokeOnTarget(ResourceMethodInvoker.java:296)
	at org.jboss.resteasy.core.ResourceMethodInvoker.invoke(ResourceMethodInvoker.java:250)
	at org.jboss.resteasy.core.ResourceLocatorInvoker.invokeOnTargetObject(ResourceLocatorInvoker.java:140)
	at org.jboss.resteasy.core.ResourceLocatorInvoker.invoke(ResourceLocatorInvoker.java:109)
	at org.jboss.resteasy.core.ResourceLocatorInvoker.invokeOnTargetObject(ResourceLocatorInvoker.java:135)
	at org.jboss.resteasy.core.ResourceLocatorInvoker.invoke(ResourceLocatorInvoker.java:103)
	at org.jboss.resteasy.core.SynchronousDispatcher.invoke(SynchronousDispatcher.java:356)
	at org.jboss.resteasy.core.SynchronousDispatcher.invoke(SynchronousDispatcher.java:179)
	at org.jboss.resteasy.plugins.server.servlet.ServletContainerDispatcher.service(ServletContainerDispatcher.java:220)
	at org.jboss.resteasy.plugins.server.servlet.HttpServletDispatcher.service(HttpServletDispatcher.java:56)
	at org.jboss.resteasy.plugins.server.servlet.HttpServletDispatcher.service(HttpServletDispatcher.java:51)
	at javax.servlet.http.HttpServlet.service(HttpServlet.java:790)
	at io.undertow.servlet.handlers.ServletHandler.handleRequest(ServletHandler.java:86)
	at io.undertow.servlet.handlers.FilterHandler$FilterChainImpl.doFilter(FilterHandler.java:130)
	at org.keycloak.services.filters.KeycloakSessionServletFilter.doFilter(KeycloakSessionServletFilter.java:61)
	at io.undertow.servlet.core.ManagedFilter.doFilter(ManagedFilter.java:60)
	at io.undertow.servlet.handlers.FilterHandler$FilterChainImpl.doFilter(FilterHandler.java:132)
	at io.undertow.servlet.handlers.FilterHandler.handleRequest(FilterHandler.java:85)
	at io.undertow.servlet.handlers.security.ServletSecurityRoleHandler.handleRequest(ServletSecurityRoleHandler.java:62)
	at io.undertow.servlet.handlers.ServletDispatchingHandler.handleRequest(ServletDispatchingHandler.java:36)
	at org.wildfly.extension.undertow.security.SecurityContextAssociationHandler.handleRequest(SecurityContextAssociationHandler.java:78)
	at io.undertow.server.handlers.PredicateHandler.handleRequest(PredicateHandler.java:43)
	at io.undertow.servlet.handlers.security.SSLInformationAssociationHandler.handleRequest(SSLInformationAssociationHandler.java:131)
	at io.undertow.servlet.handlers.security.ServletAuthenticationCallHandler.handleRequest(ServletAuthenticationCallHandler.java:57)
	at io.undertow.server.handlers.PredicateHandler.handleRequest(PredicateHandler.java:43)
	at io.undertow.security.handlers.AbstractConfidentialityHandler.handleRequest(AbstractConfidentialityHandler.java:46)
	at io.undertow.servlet.handlers.security.ServletConfidentialityConstraintHandler.handleRequest(ServletConfidentialityConstraintHandler.java:64)
	at io.undertow.security.handlers.AuthenticationMechanismsHandler.handleRequest(AuthenticationMechanismsHandler.java:58)
	at io.undertow.servlet.handlers.security.CachedAuthenticatedSessionHandler.handleRequest(CachedAuthenticatedSessionHandler.java:72)
	at io.undertow.security.handlers.NotificationReceiverHandler.handleRequest(NotificationReceiverHandler.java:50)
	at io.undertow.security.handlers.SecurityInitialHandler.handleRequest(SecurityInitialHandler.java:76)
	at io.undertow.server.handlers.PredicateHandler.handleRequest(PredicateHandler.java:43)
	at org.wildfly.extension.undertow.security.jacc.JACCContextIdHandler.handleRequest(JACCContextIdHandler.java:61)
	at io.undertow.server.handlers.PredicateHandler.handleRequest(PredicateHandler.java:43)
	at io.undertow.server.handlers.PredicateHandler.handleRequest(PredicateHandler.java:43)
	at io.undertow.servlet.handlers.ServletInitialHandler.handleFirstRequest(ServletInitialHandler.java:282)
	at io.undertow.servlet.handlers.ServletInitialHandler.dispatchRequest(ServletInitialHandler.java:261)
	at io.undertow.servlet.handlers.ServletInitialHandler.access$000(ServletInitialHandler.java:80)
	at io.undertow.servlet.handlers.ServletInitialHandler$1.handleRequest(ServletInitialHandler.java:172)
	at io.undertow.server.Connectors.executeRootHandler(Connectors.java:199)
	at io.undertow.server.HttpServerExchange$1.run(HttpServerExchange.java:774)
	at java.util.concurrent.ThreadPoolExecutor.runWorker(ThreadPoolExecutor.java:1149)
	at java.util.concurrent.ThreadPoolExecutor$Worker.run(ThreadPoolExecutor.java:624)
	at java.lang.Thread.run(Thread.java:748)

2018-09-25 11:58:04,587 WARN  [org.jboss.resteasy.core.ExceptionHandler] (default task-5) Failed executing GET /admin/realms/master/users/db5b8423-a930-4549-84f2-276babcf689c: org.keycloak.services.ForbiddenException
	at org.keycloak.services.resources.admin.RealmAuth.requireView(RealmAuth.java:53)
	at org.keycloak.services.resources.admin.UsersResource.getUser(UsersResource.java:261)
	at sun.reflect.NativeMethodAccessorImpl.invoke0(Native Method)
	at sun.reflect.NativeMethodAccessorImpl.invoke(NativeMethodAccessorImpl.java:62)
	at sun.reflect.DelegatingMethodAccessorImpl.invoke(DelegatingMethodAccessorImpl.java:43)
	at java.lang.reflect.Method.invoke(Method.java:498)
	at org.jboss.resteasy.core.MethodInjectorImpl.invoke(MethodInjectorImpl.java:137)
	at org.jboss.resteasy.core.ResourceMethodInvoker.invokeOnTarget(ResourceMethodInvoker.java:296)
	at org.jboss.resteasy.core.ResourceMethodInvoker.invoke(ResourceMethodInvoker.java:250)
	at org.jboss.resteasy.core.ResourceLocatorInvoker.invokeOnTargetObject(ResourceLocatorInvoker.java:140)
	at org.jboss.resteasy.core.ResourceLocatorInvoker.invoke(ResourceLocatorInvoker.java:109)
	at org.jboss.resteasy.core.ResourceLocatorInvoker.invokeOnTargetObject(ResourceLocatorInvoker.java:135)
	at org.jboss.resteasy.core.ResourceLocatorInvoker.invoke(ResourceLocatorInvoker.java:109)
	at org.jboss.resteasy.core.ResourceLocatorInvoker.invokeOnTargetObject(ResourceLocatorInvoker.java:135)
	at org.jboss.resteasy.core.ResourceLocatorInvoker.invoke(ResourceLocatorInvoker.java:103)
	at org.jboss.resteasy.core.SynchronousDispatcher.invoke(SynchronousDispatcher.java:356)
	at org.jboss.resteasy.core.SynchronousDispatcher.invoke(SynchronousDispatcher.java:179)
	at org.jboss.resteasy.plugins.server.servlet.ServletContainerDispatcher.service(ServletContainerDispatcher.java:220)
	at org.jboss.resteasy.plugins.server.servlet.HttpServletDispatcher.service(HttpServletDispatcher.java:56)
	at org.jboss.resteasy.plugins.server.servlet.HttpServletDispatcher.service(HttpServletDispatcher.java:51)
	at javax.servlet.http.HttpServlet.service(HttpServlet.java:790)
	at io.undertow.servlet.handlers.ServletHandler.handleRequest(ServletHandler.java:86)
	at io.undertow.servlet.handlers.FilterHandler$FilterChainImpl.doFilter(FilterHandler.java:130)
	at org.keycloak.services.filters.KeycloakSessionServletFilter.doFilter(KeycloakSessionServletFilter.java:61)
	at io.undertow.servlet.core.ManagedFilter.doFilter(ManagedFilter.java:60)
	at io.undertow.servlet.handlers.FilterHandler$FilterChainImpl.doFilter(FilterHandler.java:132)
	at io.undertow.servlet.handlers.FilterHandler.handleRequest(FilterHandler.java:85)
	at io.undertow.servlet.handlers.security.ServletSecurityRoleHandler.handleRequest(ServletSecurityRoleHandler.java:62)
	at io.undertow.servlet.handlers.ServletDispatchingHandler.handleRequest(ServletDispatchingHandler.java:36)
	at org.wildfly.extension.undertow.security.SecurityContextAssociationHandler.handleRequest(SecurityContextAssociationHandler.java:78)
	at io.undertow.server.handlers.PredicateHandler.handleRequest(PredicateHandler.java:43)
	at io.undertow.servlet.handlers.security.SSLInformationAssociationHandler.handleRequest(SSLInformationAssociationHandler.java:131)
	at io.undertow.servlet.handlers.security.ServletAuthenticationCallHandler.handleRequest(ServletAuthenticationCallHandler.java:57)
	at io.undertow.server.handlers.PredicateHandler.handleRequest(PredicateHandler.java:43)
	at io.undertow.security.handlers.AbstractConfidentialityHandler.handleRequest(AbstractConfidentialityHandler.java:46)
	at io.undertow.servlet.handlers.security.ServletConfidentialityConstraintHandler.handleRequest(ServletConfidentialityConstraintHandler.java:64)
	at io.undertow.security.handlers.AuthenticationMechanismsHandler.handleRequest(AuthenticationMechanismsHandler.java:58)
	at io.undertow.servlet.handlers.security.CachedAuthenticatedSessionHandler.handleRequest(CachedAuthenticatedSessionHandler.java:72)
	at io.undertow.security.handlers.NotificationReceiverHandler.handleRequest(NotificationReceiverHandler.java:50)
	at io.undertow.security.handlers.SecurityInitialHandler.handleRequest(SecurityInitialHandler.java:76)
	at io.undertow.server.handlers.PredicateHandler.handleRequest(PredicateHandler.java:43)
	at org.wildfly.extension.undertow.security.jacc.JACCContextIdHandler.handleRequest(JACCContextIdHandler.java:61)
	at io.undertow.server.handlers.PredicateHandler.handleRequest(PredicateHandler.java:43)
	at io.undertow.server.handlers.PredicateHandler.handleRequest(PredicateHandler.java:43)
	at io.undertow.servlet.handlers.ServletInitialHandler.handleFirstRequest(ServletInitialHandler.java:282)
	at io.undertow.servlet.handlers.ServletInitialHandler.dispatchRequest(ServletInitialHandler.java:261)
	at io.undertow.servlet.handlers.ServletInitialHandler.access$000(ServletInitialHandler.java:80)
	at io.undertow.servlet.handlers.ServletInitialHandler$1.handleRequest(ServletInitialHandler.java:172)
	at io.undertow.server.Connectors.executeRootHandler(Connectors.java:199)
	at io.undertow.server.HttpServerExchange$1.run(HttpServerExchange.java:774)
	at java.util.concurrent.ThreadPoolExecutor.runWorker(ThreadPoolExecutor.java:1149)
	at java.util.concurrent.ThreadPoolExecutor$Worker.run(ThreadPoolExecutor.java:624)
	at java.lang.Thread.run(Thread.java:748)

2018-09-25 11:58:04,616 WARN  [org.jboss.resteasy.core.ExceptionHandler] (default task-2) Failed executing GET /admin/serverinfo: org.keycloak.services.ForbiddenException
	at org.keycloak.services.resources.admin.AdminRoot.getServerInfo(AdminRoot.java:211)
	at sun.reflect.NativeMethodAccessorImpl.invoke0(Native Method)
	at sun.reflect.NativeMethodAccessorImpl.invoke(NativeMethodAccessorImpl.java:62)
	at sun.reflect.DelegatingMethodAccessorImpl.invoke(DelegatingMethodAccessorImpl.java:43)
	at java.lang.reflect.Method.invoke(Method.java:498)
	at org.jboss.resteasy.core.ResourceLocatorInvoker.createResource(ResourceLocatorInvoker.java:81)
	at org.jboss.resteasy.core.ResourceLocatorInvoker.createResource(ResourceLocatorInvoker.java:60)
	at org.jboss.resteasy.core.ResourceLocatorInvoker.invoke(ResourceLocatorInvoker.java:102)
	at org.jboss.resteasy.core.SynchronousDispatcher.invoke(SynchronousDispatcher.java:356)
	at org.jboss.resteasy.core.SynchronousDispatcher.invoke(SynchronousDispatcher.java:179)
	at org.jboss.resteasy.plugins.server.servlet.ServletContainerDispatcher.service(ServletContainerDispatcher.java:220)
	at org.jboss.resteasy.plugins.server.servlet.HttpServletDispatcher.service(HttpServletDispatcher.java:56)
	at org.jboss.resteasy.plugins.server.servlet.HttpServletDispatcher.service(HttpServletDispatcher.java:51)
	at javax.servlet.http.HttpServlet.service(HttpServlet.java:790)
	at io.undertow.servlet.handlers.ServletHandler.handleRequest(ServletHandler.java:86)
	at io.undertow.servlet.handlers.FilterHandler$FilterChainImpl.doFilter(FilterHandler.java:130)
	at org.keycloak.services.filters.KeycloakSessionServletFilter.doFilter(KeycloakSessionServletFilter.java:61)
	at io.undertow.servlet.core.ManagedFilter.doFilter(ManagedFilter.java:60)
	at io.undertow.servlet.handlers.FilterHandler$FilterChainImpl.doFilter(FilterHandler.java:132)
	at io.undertow.servlet.handlers.FilterHandler.handleRequest(FilterHandler.java:85)
	at io.undertow.servlet.handlers.security.ServletSecurityRoleHandler.handleRequest(ServletSecurityRoleHandler.java:62)
	at io.undertow.servlet.handlers.ServletDispatchingHandler.handleRequest(ServletDispatchingHandler.java:36)
	at org.wildfly.extension.undertow.security.SecurityContextAssociationHandler.handleRequest(SecurityContextAssociationHandler.java:78)
	at io.undertow.server.handlers.PredicateHandler.handleRequest(PredicateHandler.java:43)
	at io.undertow.servlet.handlers.security.SSLInformationAssociationHandler.handleRequest(SSLInformationAssociationHandler.java:131)
	at io.undertow.servlet.handlers.security.ServletAuthenticationCallHandler.handleRequest(ServletAuthenticationCallHandler.java:57)
	at io.undertow.server.handlers.PredicateHandler.handleRequest(PredicateHandler.java:43)
	at io.undertow.security.handlers.AbstractConfidentialityHandler.handleRequest(AbstractConfidentialityHandler.java:46)
	at io.undertow.servlet.handlers.security.ServletConfidentialityConstraintHandler.handleRequest(ServletConfidentialityConstraintHandler.java:64)
	at io.undertow.security.handlers.AuthenticationMechanismsHandler.handleRequest(AuthenticationMechanismsHandler.java:58)
	at io.undertow.servlet.handlers.security.CachedAuthenticatedSessionHandler.handleRequest(CachedAuthenticatedSessionHandler.java:72)
	at io.undertow.security.handlers.NotificationReceiverHandler.handleRequest(NotificationReceiverHandler.java:50)
	at io.undertow.security.handlers.SecurityInitialHandler.handleRequest(SecurityInitialHandler.java:76)
	at io.undertow.server.handlers.PredicateHandler.handleRequest(PredicateHandler.java:43)
	at org.wildfly.extension.undertow.security.jacc.JACCContextIdHandler.handleRequest(JACCContextIdHandler.java:61)
	at io.undertow.server.handlers.PredicateHandler.handleRequest(PredicateHandler.java:43)
	at io.undertow.server.handlers.PredicateHandler.handleRequest(PredicateHandler.java:43)
	at io.undertow.servlet.handlers.ServletInitialHandler.handleFirstRequest(ServletInitialHandler.java:282)
	at io.undertow.servlet.handlers.ServletInitialHandler.dispatchRequest(ServletInitialHandler.java:261)
	at io.undertow.servlet.handlers.ServletInitialHandler.access$000(ServletInitialHandler.java:80)
	at io.undertow.servlet.handlers.ServletInitialHandler$1.handleRequest(ServletInitialHandler.java:172)
	at io.undertow.server.Connectors.executeRootHandler(Connectors.java:199)
	at io.undertow.server.HttpServerExchange$1.run(HttpServerExchange.java:774)
	at java.util.concurrent.ThreadPoolExecutor.runWorker(ThreadPoolExecutor.java:1149)
	at java.util.concurrent.ThreadPoolExecutor$Worker.run(ThreadPoolExecutor.java:624)
	at java.lang.Thread.run(Thread.java:748)

2018-09-25 11:58:21,075 WARN  [org.jboss.resteasy.core.ExceptionHandler] (default task-19) Failed executing GET /admin/serverinfo: org.keycloak.services.ForbiddenException
	at org.keycloak.services.resources.admin.AdminRoot.getServerInfo(AdminRoot.java:211)
	at sun.reflect.NativeMethodAccessorImpl.invoke0(Native Method)
	at sun.reflect.NativeMethodAccessorImpl.invoke(NativeMethodAccessorImpl.java:62)
	at sun.reflect.DelegatingMethodAccessorImpl.invoke(DelegatingMethodAccessorImpl.java:43)
	at java.lang.reflect.Method.invoke(Method.java:498)
	at org.jboss.resteasy.core.ResourceLocatorInvoker.createResource(ResourceLocatorInvoker.java:81)
	at org.jboss.resteasy.core.ResourceLocatorInvoker.createResource(ResourceLocatorInvoker.java:60)
	at org.jboss.resteasy.core.ResourceLocatorInvoker.invoke(ResourceLocatorInvoker.java:102)
	at org.jboss.resteasy.core.SynchronousDispatcher.invoke(SynchronousDispatcher.java:356)
	at org.jboss.resteasy.core.SynchronousDispatcher.invoke(SynchronousDispatcher.java:179)
	at org.jboss.resteasy.plugins.server.servlet.ServletContainerDispatcher.service(ServletContainerDispatcher.java:220)
	at org.jboss.resteasy.plugins.server.servlet.HttpServletDispatcher.service(HttpServletDispatcher.java:56)
	at org.jboss.resteasy.plugins.server.servlet.HttpServletDispatcher.service(HttpServletDispatcher.java:51)
	at javax.servlet.http.HttpServlet.service(HttpServlet.java:790)
	at io.undertow.servlet.handlers.ServletHandler.handleRequest(ServletHandler.java:86)
	at io.undertow.servlet.handlers.FilterHandler$FilterChainImpl.doFilter(FilterHandler.java:130)
	at org.keycloak.services.filters.KeycloakSessionServletFilter.doFilter(KeycloakSessionServletFilter.java:61)
	at io.undertow.servlet.core.ManagedFilter.doFilter(ManagedFilter.java:60)
	at io.undertow.servlet.handlers.FilterHandler$FilterChainImpl.doFilter(FilterHandler.java:132)
	at io.undertow.servlet.handlers.FilterHandler.handleRequest(FilterHandler.java:85)
	at io.undertow.servlet.handlers.security.ServletSecurityRoleHandler.handleRequest(ServletSecurityRoleHandler.java:62)
	at io.undertow.servlet.handlers.ServletDispatchingHandler.handleRequest(ServletDispatchingHandler.java:36)
	at org.wildfly.extension.undertow.security.SecurityContextAssociationHandler.handleRequest(SecurityContextAssociationHandler.java:78)
	at io.undertow.server.handlers.PredicateHandler.handleRequest(PredicateHandler.java:43)
	at io.undertow.servlet.handlers.security.SSLInformationAssociationHandler.handleRequest(SSLInformationAssociationHandler.java:131)
	at io.undertow.servlet.handlers.security.ServletAuthenticationCallHandler.handleRequest(ServletAuthenticationCallHandler.java:57)
	at io.undertow.server.handlers.PredicateHandler.handleRequest(PredicateHandler.java:43)
	at io.undertow.security.handlers.AbstractConfidentialityHandler.handleRequest(AbstractConfidentialityHandler.java:46)
	at io.undertow.servlet.handlers.security.ServletConfidentialityConstraintHandler.handleRequest(ServletConfidentialityConstraintHandler.java:64)
	at io.undertow.security.handlers.AuthenticationMechanismsHandler.handleRequest(AuthenticationMechanismsHandler.java:58)
	at io.undertow.servlet.handlers.security.CachedAuthenticatedSessionHandler.handleRequest(CachedAuthenticatedSessionHandler.java:72)
	at io.undertow.security.handlers.NotificationReceiverHandler.handleRequest(NotificationReceiverHandler.java:50)
	at io.undertow.security.handlers.SecurityInitialHandler.handleRequest(SecurityInitialHandler.java:76)
	at io.undertow.server.handlers.PredicateHandler.handleRequest(PredicateHandler.java:43)
	at org.wildfly.extension.undertow.security.jacc.JACCContextIdHandler.handleRequest(JACCContextIdHandler.java:61)
	at io.undertow.server.handlers.PredicateHandler.handleRequest(PredicateHandler.java:43)
	at io.undertow.server.handlers.PredicateHandler.handleRequest(PredicateHandler.java:43)
	at io.undertow.servlet.handlers.ServletInitialHandler.handleFirstRequest(ServletInitialHandler.java:282)
	at io.undertow.servlet.handlers.ServletInitialHandler.dispatchRequest(ServletInitialHandler.java:261)
	at io.undertow.servlet.handlers.ServletInitialHandler.access$000(ServletInitialHandler.java:80)
	at io.undertow.servlet.handlers.ServletInitialHandler$1.handleRequest(ServletInitialHandler.java:172)
	at io.undertow.server.Connectors.executeRootHandler(Connectors.java:199)
	at io.undertow.server.HttpServerExchange$1.run(HttpServerExchange.java:774)
	at java.util.concurrent.ThreadPoolExecutor.runWorker(ThreadPoolExecutor.java:1149)
	at java.util.concurrent.ThreadPoolExecutor$Worker.run(ThreadPoolExecutor.java:624)
	at java.lang.Thread.run(Thread.java:748)

